assemble_cvd E 12-12 05:30:28 24882 24882 lib.cpp:35] Failed to load library: libEGL.so
assemble_cvd E 12-12 05:30:28 24882 24882 lib.cpp:35] Failed to load library: libEGL.so.1
assemble_cvd E 12-12 05:30:28 24868 24868 lib.cpp:35] Failed to load library: libEGL.so
assemble_cvd E 12-12 05:30:28 24868 24868 lib.cpp:35] Failed to load library: libEGL.so.1
assemble_cvd D 12-12 05:30:28 24868 24868 flags.cc:808] Graphics Availability:
assemble_cvd D 12-12 05:30:28 24868 24868 flags.cc:808]
assemble_cvd D 12-12 05:30:28 24868 24868 flags.cc:808] EGL available: false
assemble_cvd D 12-12 05:30:28 24868 24868 flags.cc:808] OpenGL ES 2 available: false
assemble_cvd D 12-12 05:30:28 24868 24868 flags.cc:808] OpenGL ES 3 available: false
assemble_cvd D 12-12 05:30:28 24868 24868 flags.cc:808] Vulkan lib available: false
assemble_cvd D 12-12 05:30:28 24868 24868 flags.cc:808]
assemble_cvd D 12-12 05:30:28 24868 24868 flags.cc:808] EGL client extensions:
assemble_cvd D 12-12 05:30:28 24868 24868 flags.cc:808]
assemble_cvd D 12-12 05:30:28 24868 24868 flags.cc:808] EGL display vendor:
assemble_cvd D 12-12 05:30:28 24868 24868 flags.cc:808] EGL display version:
assemble_cvd D 12-12 05:30:28 24868 24868 flags.cc:808] EGL display extensions:
assemble_cvd D 12-12 05:30:28 24868 24868 flags.cc:808] GLES2 can init on surfaceless display: false
assemble_cvd D 12-12 05:30:28 24868 24868 flags.cc:808] GLES2 vendor:
assemble_cvd D 12-12 05:30:28 24868 24868 flags.cc:808] GLES2 version:
assemble_cvd D 12-12 05:30:28 24868 24868 flags.cc:808] GLES2 renderer:
assemble_cvd D 12-12 05:30:28 24868 24868 flags.cc:808] GLES2 extensions:
assemble_cvd D 12-12 05:30:28 24868 24868 flags.cc:808] GLES3 can init on surfaceless display: false
assemble_cvd D 12-12 05:30:28 24868 24868 flags.cc:808] GLES3 vendor:
assemble_cvd D 12-12 05:30:28 24868 24868 flags.cc:808] GLES3 version:
assemble_cvd D 12-12 05:30:28 24868 24868 flags.cc:808] GLES3 renderer:
assemble_cvd D 12-12 05:30:28 24868 24868 flags.cc:808] GLES3 extensions:
assemble_cvd D 12-12 05:30:28 24868 24868 flags.cc:808]
assemble_cvd D 12-12 05:30:28 24868 24868 flags.cc:808] Vulkan discrete GPU detected: false
assemble_cvd D 12-12 05:30:28 24868 24868 flags.cc:808] Vulkan has quirk with precision qualifiers on YUV samplers: true
assemble_cvd D 12-12 05:30:28 24868 24868 flags.cc:808]
assemble_cvd D 12-12 05:30:28 24868 24868 flags.cc:808] Accelerated rendering supported: false
assemble_cvd D 12-12 05:30:54 24868 24868 flags.cc:1005] rootcanal_instance_num: 0
assemble_cvd D 12-12 05:30:54 24868 24868 flags.cc:1006] launch rootcanal: 1
assemble_cvd D 12-12 05:30:54 24868 24868 flags.cc:1016] pica_instance_num: 0
assemble_cvd D 12-12 05:30:54 24868 24868 flags.cc:1017] launch pica: 1
assemble_cvd I 12-12 05:30:54 24868 24868 flags.cc:1225] GPU auto mode: did not detect prerequisites for accelerated rendering support, enabling --gpu_mode=guest_swiftshader.
assemble_cvd D 12-12 05:30:54 24868 24868 graphics_configuration.cpp:104] ANGLE features:
assemble_cvd D 12-12 05:30:54 24868 24868 graphics_configuration.cpp:104]  - prefer_linear_filtering_for_yuv: true
assemble_cvd D 12-12 05:30:54 24868 24868 graphics_configuration.cpp:104]  - map_unspecified_color_space_to_pass_through: true
assemble_cvd D 12-12 05:30:54 24868 24868 graphics_configuration.cpp:104]  - ignore_precision_qualifiers: false
assemble_cvd D 12-12 05:30:54 24868 24868 graphics_configuration.cpp:104]
assemble_cvd D 12-12 05:30:54 24868 24868 disk_builder.cpp:150] Composite disk text config mismatch
assemble_cvd D 12-12 05:30:54 24868 24868 disk_builder.cpp:150] Composite disk text config mismatch
assemble_cvd I 12-12 05:30:54 24868 24868 assemble_cvd.cc:230] Requested resuming a previous session (the default behavior) but the base images have changed under the overlay, making the overlay incompatible. Wiping the overlay files.
assemble_cvd D 12-12 05:30:54 24868 24868 clean.cc:93] Assuming prior files of /cf/cuttlefish/assembly /cf/.cuttlefish.sh /cf/.cuttlefish_config.json /cf/cuttlefish/instances/cvd-1 /tmp/cf_avd_0/cvd-1/*
assemble_cvd D 12-12 05:30:54 24868 24868 clean.cc:51] Deleting: /tmp/cf_avd_0/cvd-1/internal/audio_server.sock
assemble_cvd D 12-12 05:30:54 24868 24868 clean.cc:51] Deleting: /tmp/cf_avd_0/cvd-1/internal/wmediumd_api_server
assemble_cvd D 12-12 05:30:54 24868 24868 clean.cc:51] Deleting: /tmp/cf_avd_0/cvd-1/internal/crosvm_control.sock
assemble_cvd D 12-12 05:30:54 24868 24868 clean.cc:51] Deleting: /tmp/cf_avd_0/cvd-1/internal/frames.sock
assemble_cvd D 12-12 05:30:54 24868 24868 clean.cc:51] Deleting: /tmp/cf_avd_0/cvd-1/internal/vhost_user_mac80211
assemble_cvd D 12-12 05:30:54 24868 24868 clean.cc:51] Deleting: /tmp/cf_avd_0/cvd-1/internal/keyboard.sock
assemble_cvd D 12-12 05:30:54 24868 24868 clean.cc:51] Deleting: /tmp/cf_avd_0/cvd-1/internal/confui_sign.sock
assemble_cvd D 12-12 05:30:54 24868 24868 clean.cc:51] Deleting: /tmp/cf_avd_0/cvd-1/internal/touch_0.sock
assemble_cvd D 12-12 05:30:54 24868 24868 clean.cc:51] Deleting: /tmp/cf_avd_0/cvd-1/internal/switches.sock
assemble_cvd D 12-12 05:30:54 24868 24868 clean.cc:51] Deleting: /tmp/cf_avd_0/cvd-1/grpc_socket/OpenwrtControlServer.sock
assemble_cvd D 12-12 05:30:54 24868 24868 clean.cc:51] Deleting: /tmp/cf_avd_0/cvd-1/grpc_socket/GnssGrpcProxyServer.sock
assemble_cvd D 12-12 05:30:54 24868 24868 clean.cc:51] Deleting: /tmp/cf_avd_0/cvd-1/grpc_socket/EchoServer.sock
assemble_cvd D 12-12 05:30:54 24868 24868 clean.cc:51] Deleting: /tmp/cf_avd_0/cvd-1/grpc_socket/WmediumdServer.sock
assemble_cvd D 12-12 05:30:54 24868 24868 clean.cc:51] Deleting: /tmp/cf_avd_0/cvd-1/launcher_monitor.sock
assemble_cvd D 12-12 05:30:54 24868 24868 files.cpp:106] Setting up /cf/cuttlefish
assemble_cvd D 12-12 05:30:54 24868 24868 files.cpp:106] Setting up /cf/cuttlefish/assembly
assemble_cvd D 12-12 05:30:54 24868 24868 files.cpp:106] Setting up /cf/cuttlefish/instances
assemble_cvd I 12-12 05:30:54 24868 24868 assemble_cvd.cc:278] Path for instance UDS: /tmp/cf_avd_0
assemble_cvd D 12-12 05:30:54 24868 24868 files.cpp:106] Setting up /cf/cuttlefish/instances/cvd-1
assemble_cvd D 12-12 05:30:54 24868 24868 files.cpp:106] Setting up /cf/cuttlefish/instances/cvd-1/internal
assemble_cvd D 12-12 05:30:54 24868 24868 files.cpp:106] Setting up /cf/cuttlefish/instances/cvd-1/shared
assemble_cvd D 12-12 05:30:54 24868 24868 files.cpp:106] Setting up /cf/cuttlefish/instances/cvd-1/recording
assemble_cvd D 12-12 05:30:54 24868 24868 files.cpp:106] Setting up /cf/cuttlefish/instances/cvd-1/logs
assemble_cvd D 12-12 05:30:54 24868 24868 files.cpp:106] Setting up /tmp/cf_avd_0/cvd-1
assemble_cvd D 12-12 05:30:54 24868 24868 files.cpp:106] Setting up /tmp/cf_avd_0/cvd-1/internal
assemble_cvd D 12-12 05:30:54 24868 24868 files.cpp:106] Setting up /tmp/cf_avd_0/cvd-1/grpc_socket
assemble_cvd D 12-12 05:30:54 24868 24868 feature.cpp:56] Running setup for BootloaderPresentCheck
assemble_cvd D 12-12 05:30:54 24868 24868 feature.cpp:56] Running setup for KernelRamdiskRepacker
assemble_cvd D 12-12 05:30:54 24868 24868 feature.cpp:56] Running setup for VbmetaEnforceMinimumSize
assemble_cvd D 12-12 05:30:54 24868 24868 feature.cpp:56] Running setup for InitializeMetadataImage
assemble_cvd D 12-12 05:30:54 24868 24868 data_image.cpp:106] Creating /cf/cuttlefish/instances/cvd-1/metadata.img
assemble_cvd D 12-12 05:30:54 24868 24868 feature.cpp:56] Running setup for SuperImageRebuilderImpl
assemble_cvd D 12-12 05:30:54 24868 24868 feature.cpp:56] Running setup for InitializeMiscImageImpl
assemble_cvd D 12-12 05:30:54 24868 24868 data_image.cpp:318] misc partition image: creating empty at "/cf/misc.img"
assemble_cvd D 12-12 05:30:54 24868 24868 data_image.cpp:106] Creating /cf/cuttlefish/instances/cvd-1/misc.img
assemble_cvd D 12-12 05:30:54 24868 24868 feature.cpp:56] Running setup for GeneratePersistentBootconfig
assemble_cvd D 12-12 05:30:54 24868 24868 data_image.cpp:106] Creating /cf/cuttlefish/instances/cvd-1/internal/bootconfig
assemble_cvd D 12-12 05:30:54 24868 24868 disk_flags.cc:749] bootconfig size is 1030
assemble_cvd D 12-12 05:30:54 24868 24868 disk_flags.cc:753] Bootconfig parameters from vendor boot image and config are androidboot.fstab_suffix=cf.f2fs.hctr2
assemble_cvd D 12-12 05:30:54 24868 24868 disk_flags.cc:753] androidboot.lcd_density=320
assemble_cvd D 12-12 05:30:54 24868 24868 disk_flags.cc:753] androidboot.vendor.audiocontrol.server.port=9410
assemble_cvd D 12-12 05:30:54 24868 24868 disk_flags.cc:753] androidboot.vendor.audiocontrol.server.cid=3
assemble_cvd D 12-12 05:30:54 24868 24868 disk_flags.cc:753] androidboot.cuttlefish_config_server_port=6800
assemble_cvd D 12-12 05:30:54 24868 24868 disk_flags.cc:753] androidboot.enable_confirmationui=1
assemble_cvd D 12-12 05:30:54 24868 24868 disk_flags.cc:753] androidboot.hypervisor.vm.supported=0
assemble_cvd D 12-12 05:30:54 24868 24868 disk_flags.cc:753] androidboot.serialno=CUTTLEFISHCVD011
assemble_cvd D 12-12 05:30:54 24868 24868 disk_flags.cc:753] androidboot.setupwizard_mode=DISABLED
assemble_cvd D 12-12 05:30:54 24868 24868 disk_flags.cc:753] androidboot.hardware.gralloc=minigbm
assemble_cvd D 12-12 05:30:54 24868 24868 disk_flags.cc:753] androidboot.enable_bootanimation=1
assemble_cvd D 12-12 05:30:54 24868 24868 disk_flags.cc:753] androidboot.hardware.hwcomposer.display_finder_mode=drm
assemble_cvd D 12-12 05:30:54 24868 24868 disk_flags.cc:753] androidboot.vsock_tombstone_port=6600
assemble_cvd D 12-12 05:30:54 24868 24868 disk_flags.cc:753] androidboot.wifi_mac_prefix=5554
assemble_cvd D 12-12 05:30:54 24868 24868 disk_flags.cc:753] androidboot.hardware.egl=angle
assemble_cvd D 12-12 05:30:54 24868 24868 disk_flags.cc:753] androidboot.hardware.angle_feature_overrides_enabled=preferLinearFilterForYUV:mapUnspecifiedColorSpaceToPassThrough
assemble_cvd D 12-12 05:30:54 24868 24868 disk_flags.cc:753] androidboot.boot_devices=10000.pci
assemble_cvd D 12-12 05:30:54 24868 24868 disk_flags.cc:753] androidboot.hardware.vulkan=pastel
assemble_cvd D 12-12 05:30:54 24868 24868 disk_flags.cc:753] androidboot.opengles.version=196609
assemble_cvd D 12-12 05:30:54 24868 24868 disk_flags.cc:753] androidboot.hardware.hwcomposer=ranchu
assemble_cvd D 12-12 05:30:54 24868 24868 disk_flags.cc:753] androidboot.hypervisor.protected_vm.supported=0
assemble_cvd D 12-12 05:30:54 24868 24868 disk_flags.cc:753] androidboot.modem_simulator_ports=9600
assemble_cvd D 12-12 05:30:54 24868 24868 disk_flags.cc:753] androidboot.ddr_size=4915MB
assemble_cvd D 12-12 05:30:54 24868 24868 disk_flags.cc:753] androidboot.cpuvulkan.version=4206592
assemble_cvd D 12-12 05:30:54 24868 24868 disk_flags.cc:753] androidboot.serialconsole=0
assemble_cvd D 12-12 05:30:54 24868 24868 disk_flags.cc:753] androidboot.fstab_suffix=cf.f2fs.hctr2
assemble_cvd D 12-12 05:30:54 24868 24868 disk_flags.cc:753] androidboot.lcd_density=320
assemble_cvd D 12-12 05:30:54 24868 24868 disk_flags.cc:753] androidboot.vendor.audiocontrol.server.port=9410
assemble_cvd D 12-12 05:30:54 24868 24868 disk_flags.cc:753] androidboot.vendor.audiocontrol.server.cid=3
assemble_cvd D 12-12 05:30:54 24868 24868 disk_flags.cc:753] androidboot.cuttlefish_config_server_port=6800
assemble_cvd D 12-12 05:30:54 24868 24868 disk_flags.cc:753] androidboot.enable_confirmationui=1
assemble_cvd D 12-12 05:30:54 24868 24868 disk_flags.cc:753] androidboot.hypervisor.vm.supported=0
assemble_cvd D 12-12 05:30:54 24868 24868 disk_flags.cc:753] androidboot.serialno=CUTTLEFISHCVD011
assemble_cvd D 12-12 05:30:54 24868 24868 disk_flags.cc:753] androidboot.setupwizard_mode=DISABLED
assemble_cvd D 12-12 05:30:54 24868 24868 disk_flags.cc:753] androidboot.hardware.gralloc=minigbm
assemble_cvd D 12-12 05:30:54 24868 24868 disk_flags.cc:753] androidboot.enable_bootanimation=1
assemble_cvd D 12-12 05:30:54 24868 24868 disk_flags.cc:753] androidboot.hardware.hwcomposer.display_finder_mode=drm
assemble_cvd D 12-12 05:30:54 24868 24868 disk_flags.cc:753] androidboot.vsock_tombstone_port=6600
assemble_cvd D 12-12 05:30:54 24868 24868 disk_flags.cc:753] androidboot.wifi_mac_prefix=5554
assemble_cvd D 12-12 05:30:54 24868 24868 disk_flags.cc:753] androidboot.hardware.egl=angle
assemble_cvd D 12-12 05:30:54 24868 24868 disk_flags.cc:753] androidboot.hardware.angle_feature_overrides_enabled=preferLinearFilterForYUV:mapUnspecifiedColorSpaceToPassThrough
assemble_cvd D 12-12 05:30:54 24868 24868 disk_flags.cc:753] androidboot.boot_devices=10000.pci
assemble_cvd D 12-12 05:30:54 24868 24868 disk_flags.cc:753] androidboot.hardware.vulkan=pastel
assemble_cvd D 12-12 05:30:54 24868 24868 disk_flags.cc:753] androidboot.opengles.version=196609
assemble_cvd D 12-12 05:30:54 24868 24868 disk_flags.cc:753] androidboot.hardware.hwcomposer=ranchu
assemble_cvd D 12-12 05:30:54 24868 24868 disk_flags.cc:753] androidboot.hypervisor.protected_vm.supported=0
assemble_cvd D 12-12 05:30:54 24868 24868 disk_flags.cc:753] androidboot.modem_simulator_ports=9600
assemble_cvd D 12-12 05:30:54 24868 24868 disk_flags.cc:753] androidboot.ddr_size=4915MB
assemble_cvd D 12-12 05:30:54 24868 24868 disk_flags.cc:753] androidboot.cpuvulkan.version=4206592
assemble_cvd D 12-12 05:30:54 24868 24868 disk_flags.cc:753] androidboot.serialconsole=0
assemble_cvd D 12-12 05:30:54 24868 24868 disk_flags.cc:753]
assemble_cvd D 12-12 05:30:54 24868 24868 subprocess.cpp:333] Started (pid: 25081): /cf/bin/avbtool
assemble_cvd D 12-12 05:30:54 24868 24868 subprocess.cpp:335] add_hash_footer
assemble_cvd D 12-12 05:30:54 24868 24868 subprocess.cpp:335] --image
assemble_cvd D 12-12 05:30:54 24868 24868 subprocess.cpp:335] /cf/cuttlefish/instances/cvd-1/internal/bootconfig
assemble_cvd D 12-12 05:30:54 24868 24868 subprocess.cpp:335] --partition_size
assemble_cvd D 12-12 05:30:54 24868 24868 subprocess.cpp:335] 73728
assemble_cvd D 12-12 05:30:54 24868 24868 subprocess.cpp:335] --partition_name
assemble_cvd D 12-12 05:30:54 24868 24868 subprocess.cpp:335] bootconfig
assemble_cvd D 12-12 05:30:54 24868 24868 subprocess.cpp:335] --key
assemble_cvd D 12-12 05:30:54 24868 24868 subprocess.cpp:335] /cf/etc/cvd_avb_testkey.pem
assemble_cvd D 12-12 05:30:54 24868 24868 subprocess.cpp:335] --algorithm
assemble_cvd D 12-12 05:30:54 24868 24868 subprocess.cpp:335] SHA256_RSA4096
assemble_cvd D 12-12 05:30:55 24868 24868 feature.cpp:56] Running setup for InitBootloaderEnvPartitionImpl
assemble_cvd D 12-12 05:30:55 24868 24868 subprocess.cpp:333] Started (pid: 25085): /cf/bin/mkenvimage_slim
assemble_cvd D 12-12 05:30:55 24868 24868 subprocess.cpp:335] -output_path
assemble_cvd D 12-12 05:30:55 24868 24868 subprocess.cpp:335] /cf/cuttlefish/instances/cvd-1/uboot_env.img.tmp
assemble_cvd D 12-12 05:30:55 24868 24868 subprocess.cpp:335] -input_path
assemble_cvd D 12-12 05:30:55 24868 24868 subprocess.cpp:335] /cf/cuttlefish/instances/cvd-1/mkenvimg_input
assemble_cvd D 12-12 05:30:55 24868 24868 subprocess.cpp:333] Started (pid: 25086): /cf/bin/avbtool
assemble_cvd D 12-12 05:30:55 24868 24868 subprocess.cpp:335] add_hash_footer
assemble_cvd D 12-12 05:30:55 24868 24868 subprocess.cpp:335] --image
assemble_cvd D 12-12 05:30:55 24868 24868 subprocess.cpp:335] /cf/cuttlefish/instances/cvd-1/uboot_env.img.tmp
assemble_cvd D 12-12 05:30:55 24868 24868 subprocess.cpp:335] --partition_size
assemble_cvd D 12-12 05:30:55 24868 24868 subprocess.cpp:335] 73728
assemble_cvd D 12-12 05:30:55 24868 24868 subprocess.cpp:335] --partition_name
assemble_cvd D 12-12 05:30:55 24868 24868 subprocess.cpp:335] uboot_env
assemble_cvd D 12-12 05:30:55 24868 24868 subprocess.cpp:335] --key
assemble_cvd D 12-12 05:30:55 24868 24868 subprocess.cpp:335] /cf/etc/cvd_avb_testkey.pem
assemble_cvd D 12-12 05:30:55 24868 24868 subprocess.cpp:335] --algorithm
assemble_cvd D 12-12 05:30:55 24868 24868 subprocess.cpp:335] SHA256_RSA4096
assemble_cvd D 12-12 05:30:55 24868 24868 boot_config.cc:260] Updated bootloader environment image.
assemble_cvd D 12-12 05:30:55 24868 24868 feature.cpp:56] Running setup for GeneratePersistentVbmeta
assemble_cvd D 12-12 05:30:55 24868 24868 subprocess.cpp:333] Started (pid: 25090): /cf/bin/avbtool
assemble_cvd D 12-12 05:30:55 24868 24868 subprocess.cpp:335] make_vbmeta_image
assemble_cvd D 12-12 05:30:55 24868 24868 subprocess.cpp:335] --output
assemble_cvd D 12-12 05:30:55 24868 24868 subprocess.cpp:335] /cf/cuttlefish/instances/cvd-1/vbmeta.img
assemble_cvd D 12-12 05:30:55 24868 24868 subprocess.cpp:335] --algorithm
assemble_cvd D 12-12 05:30:55 24868 24868 subprocess.cpp:335] SHA256_RSA4096
assemble_cvd D 12-12 05:30:55 24868 24868 subprocess.cpp:335] --key
assemble_cvd D 12-12 05:30:55 24868 24868 subprocess.cpp:335] /cf/etc/cvd_avb_testkey.pem
assemble_cvd D 12-12 05:30:55 24868 24868 subprocess.cpp:335] --chain_partition
assemble_cvd D 12-12 05:30:55 24868 24868 subprocess.cpp:335] uboot_env:1:/cf/etc/cvd.avbpubkey
assemble_cvd D 12-12 05:30:55 24868 24868 subprocess.cpp:335] --chain_partition
assemble_cvd D 12-12 05:30:55 24868 24868 subprocess.cpp:335] bootconfig:2:/cf/etc/cvd.avbpubkey
assemble_cvd D 12-12 05:30:55 24868 24868 feature.cpp:56] Running setup for InitializeSdCard
assemble_cvd D 12-12 05:30:55 24868 24868 data_image.cpp:106] Creating /cf/cuttlefish/instances/cvd-1/internal/factory_reset_protected.img
assemble_cvd D 12-12 05:30:55 24868 24868 feature.cpp:56] Running setup for InitializeInstanceCompositeDisk
assemble_cvd D 12-12 05:30:55 24868 24868 disk_builder.cpp:150] Composite disk text config mismatch
assemble_cvd D 12-12 05:30:55 24868 24868 sparse_image_utils.cc:45] Skip non-sparse image /cf/cuttlefish/instances/cvd-1/uboot_env.img
assemble_cvd D 12-12 05:30:55 24868 24868 image_aggregator.cc:457] Failed to desparse /cf/cuttlefish/instances/cvd-1/uboot_env.img
assemble_cvd D 12-12 05:30:55 24868 24868 sparse_image_utils.cc:45] Skip non-sparse image /cf/cuttlefish/instances/cvd-1/vbmeta.img
assemble_cvd D 12-12 05:30:55 24868 24868 image_aggregator.cc:457] Failed to desparse /cf/cuttlefish/instances/cvd-1/vbmeta.img
assemble_cvd D 12-12 05:30:55 24868 24868 sparse_image_utils.cc:45] Skip non-sparse image /cf/cuttlefish/instances/cvd-1/internal/factory_reset_protected.img
assemble_cvd D 12-12 05:30:55 24868 24868 image_aggregator.cc:457] Failed to desparse /cf/cuttlefish/instances/cvd-1/internal/factory_reset_protected.img
assemble_cvd D 12-12 05:30:55 24868 24868 sparse_image_utils.cc:45] Skip non-sparse image /cf/cuttlefish/instances/cvd-1/internal/bootconfig
assemble_cvd D 12-12 05:30:55 24868 24868 image_aggregator.cc:457] Failed to desparse /cf/cuttlefish/instances/cvd-1/internal/bootconfig
assemble_cvd D 12-12 05:30:55 24868 24868 feature.cpp:56] Running setup for InitializeDataImageImpl
assemble_cvd D 12-12 05:30:55 24868 24868 data_image.cpp:256] /cf/userdata.img exists. Not creating it.
assemble_cvd D 12-12 05:30:55 24868 24868 feature.cpp:56] Running setup for InitializePstore
assemble_cvd D 12-12 05:30:55 24868 24868 data_image.cpp:106] Creating /cf/cuttlefish/instances/cvd-1/pstore
assemble_cvd D 12-12 05:30:55 24868 24868 feature.cpp:56] Running setup for InitializeSdCard
assemble_cvd D 12-12 05:30:55 24868 24868 data_image.cpp:106] Creating /cf/cuttlefish/instances/cvd-1/sdcard.img
assemble_cvd D 12-12 05:30:55 24868 24868 subprocess.cpp:333] Started (pid: 25094): /cf/bin/newfs_msdos
assemble_cvd D 12-12 05:30:55 24868 24868 subprocess.cpp:335] -F
assemble_cvd D 12-12 05:30:55 24868 24868 subprocess.cpp:335] 32
assemble_cvd D 12-12 05:30:55 24868 24868 subprocess.cpp:335] -m
assemble_cvd D 12-12 05:30:55 24868 24868 subprocess.cpp:335] 0xf8
assemble_cvd D 12-12 05:30:55 24868 24868 subprocess.cpp:335] -o
assemble_cvd D 12-12 05:30:55 24868 24868 subprocess.cpp:335] 0
assemble_cvd D 12-12 05:30:55 24868 24868 subprocess.cpp:335] -c
assemble_cvd D 12-12 05:30:55 24868 24868 subprocess.cpp:335] 8
assemble_cvd D 12-12 05:30:55 24868 24868 subprocess.cpp:335] -h
assemble_cvd D 12-12 05:30:55 24868 24868 subprocess.cpp:335] 255
assemble_cvd D 12-12 05:30:55 24868 24868 subprocess.cpp:335] -u
assemble_cvd D 12-12 05:30:55 24868 24868 subprocess.cpp:335] 63
assemble_cvd D 12-12 05:30:55 24868 24868 subprocess.cpp:335] -S
assemble_cvd D 12-12 05:30:55 24868 24868 subprocess.cpp:335] 512
assemble_cvd D 12-12 05:30:55 24868 24868 subprocess.cpp:335] -s
assemble_cvd D 12-12 05:30:55 24868 24868 subprocess.cpp:335] 4192256
assemble_cvd D 12-12 05:30:55 24868 24868 subprocess.cpp:335] -C
assemble_cvd D 12-12 05:30:55 24868 24868 subprocess.cpp:335] 2048M
assemble_cvd D 12-12 05:30:55 24868 24868 subprocess.cpp:335] -@
assemble_cvd D 12-12 05:30:55 24868 24868 subprocess.cpp:335] 1048576
assemble_cvd D 12-12 05:30:55 24868 24868 subprocess.cpp:335] /cf/cuttlefish/instances/cvd-1/sdcard.img
assemble_cvd D 12-12 05:30:55 24868 24868 feature.cpp:56] Running setup for InitializeHwcomposerPmemImage
assemble_cvd D 12-12 05:30:55 24868 24868 data_image.cpp:106] Creating /cf/cuttlefish/instances/cvd-1/hwcomposer-pmem
assemble_cvd D 12-12 05:30:55 24868 24868 feature.cpp:56] Running setup for InitializeAccessKregistryImage
assemble_cvd D 12-12 05:30:55 24868 24868 data_image.cpp:106] Creating /cf/cuttlefish/instances/cvd-1/access-kregistry
assemble_cvd D 12-12 05:30:55 24868 24868 disk_flags.cc:1507] Available space: 1929273634816
assemble_cvd D 12-12 05:30:55 24868 24868 disk_flags.cc:1508] Sparse size of "/cf/userdata.img": 2470164
assemble_cvd D 12-12 05:30:55 24868 24868 disk_flags.cc:1510] Disk size of "/cf/userdata.img": 2470164
assemble_cvd D 12-12 05:30:55 24868 24868 disk_builder.cpp:150] Composite disk text config mismatch
assemble_cvd D 12-12 05:30:55 24868 24868 sparse_image_utils.cc:45] Skip non-sparse image /cf/cuttlefish/instances/cvd-1/misc.img
assemble_cvd D 12-12 05:30:55 24868 24868 image_aggregator.cc:457] Failed to desparse /cf/cuttlefish/instances/cvd-1/misc.img
assemble_cvd D 12-12 05:30:55 24868 24868 sparse_image_utils.cc:45] Skip non-sparse image /cf/boot.img
assemble_cvd D 12-12 05:30:55 24868 24868 image_aggregator.cc:457] Failed to desparse /cf/boot.img
assemble_cvd D 12-12 05:30:55 24868 24868 sparse_image_utils.cc:45] Skip non-sparse image /cf/boot.img
assemble_cvd D 12-12 05:30:55 24868 24868 image_aggregator.cc:457] Failed to desparse /cf/boot.img
assemble_cvd D 12-12 05:30:55 24868 24868 sparse_image_utils.cc:45] Skip non-sparse image /cf/init_boot.img
assemble_cvd D 12-12 05:30:55 24868 24868 image_aggregator.cc:457] Failed to desparse /cf/init_boot.img
assemble_cvd D 12-12 05:30:55 24868 24868 sparse_image_utils.cc:45] Skip non-sparse image /cf/init_boot.img
assemble_cvd D 12-12 05:30:55 24868 24868 image_aggregator.cc:457] Failed to desparse /cf/init_boot.img
assemble_cvd D 12-12 05:30:55 24868 24868 sparse_image_utils.cc:45] Skip non-sparse image /cf/vendor_boot.img
assemble_cvd D 12-12 05:30:55 24868 24868 image_aggregator.cc:457] Failed to desparse /cf/vendor_boot.img
assemble_cvd D 12-12 05:30:55 24868 24868 sparse_image_utils.cc:45] Skip non-sparse image /cf/vendor_boot.img
assemble_cvd D 12-12 05:30:55 24868 24868 image_aggregator.cc:457] Failed to desparse /cf/vendor_boot.img
assemble_cvd D 12-12 05:30:55 24868 24868 sparse_image_utils.cc:45] Skip non-sparse image /cf/vbmeta.img
assemble_cvd D 12-12 05:30:55 24868 24868 image_aggregator.cc:457] Failed to desparse /cf/vbmeta.img
assemble_cvd D 12-12 05:30:55 24868 24868 sparse_image_utils.cc:45] Skip non-sparse image /cf/vbmeta.img
assemble_cvd D 12-12 05:30:55 24868 24868 image_aggregator.cc:457] Failed to desparse /cf/vbmeta.img
assemble_cvd D 12-12 05:30:55 24868 24868 sparse_image_utils.cc:45] Skip non-sparse image /cf/vbmeta_system.img
assemble_cvd D 12-12 05:30:55 24868 24868 image_aggregator.cc:457] Failed to desparse /cf/vbmeta_system.img
assemble_cvd D 12-12 05:30:55 24868 24868 sparse_image_utils.cc:45] Skip non-sparse image /cf/vbmeta_system.img
assemble_cvd D 12-12 05:30:55 24868 24868 image_aggregator.cc:457] Failed to desparse /cf/vbmeta_system.img
assemble_cvd D 12-12 05:30:55 24868 24868 sparse_image_utils.cc:45] Skip non-sparse image /cf/vbmeta_vendor_dlkm.img
assemble_cvd D 12-12 05:30:55 24868 24868 image_aggregator.cc:457] Failed to desparse /cf/vbmeta_vendor_dlkm.img
assemble_cvd D 12-12 05:30:55 24868 24868 sparse_image_utils.cc:45] Skip non-sparse image /cf/vbmeta_vendor_dlkm.img
assemble_cvd D 12-12 05:30:55 24868 24868 image_aggregator.cc:457] Failed to desparse /cf/vbmeta_vendor_dlkm.img
assemble_cvd D 12-12 05:30:55 24868 24868 subprocess.cpp:333] Started (pid: 25095): /cf/bin/simg2img
assemble_cvd D 12-12 05:30:55 24868 24868 subprocess.cpp:335] /cf/super.img
assemble_cvd D 12-12 05:30:55 24868 24868 subprocess.cpp:335] /cf/super.img.raw
assemble_cvd D 12-12 05:31:13 24868 24868 subprocess.cpp:333] Started (pid: 25096): /bin/mv
assemble_cvd D 12-12 05:31:13 24868 24868 subprocess.cpp:335] -f
assemble_cvd D 12-12 05:31:13 24868 24868 subprocess.cpp:335] /cf/super.img.raw
assemble_cvd D 12-12 05:31:13 24868 24868 subprocess.cpp:335] /cf/super.img
assemble_cvd D 12-12 05:31:16 24868 24868 subprocess.cpp:333] Started (pid: 25097): /cf/bin/simg2img
assemble_cvd D 12-12 05:31:16 24868 24868 subprocess.cpp:335] /cf/userdata.img
assemble_cvd D 12-12 05:31:16 24868 24868 subprocess.cpp:335] /cf/userdata.img.raw
assemble_cvd D 12-12 05:31:16 24868 24868 subprocess.cpp:333] Started (pid: 25098): /bin/mv
assemble_cvd D 12-12 05:31:16 24868 24868 subprocess.cpp:335] -f
assemble_cvd D 12-12 05:31:16 24868 24868 subprocess.cpp:335] /cf/userdata.img.raw
assemble_cvd D 12-12 05:31:16 24868 24868 subprocess.cpp:335] /cf/userdata.img
assemble_cvd D 12-12 05:31:16 24868 24868 sparse_image_utils.cc:45] Skip non-sparse image /cf/cuttlefish/instances/cvd-1/metadata.img
assemble_cvd D 12-12 05:31:16 24868 24868 image_aggregator.cc:457] Failed to desparse /cf/cuttlefish/instances/cvd-1/metadata.img
assemble_cvd D 12-12 05:31:16 24868 24868 disk_builder.cpp:150] Composite disk text config mismatch
assemble_cvd D 12-12 05:31:16 24868 24868 sparse_image_utils.cc:45] Skip non-sparse image /cf/etc/openwrt/images/openwrt_rootfs_aarch64
assemble_cvd D 12-12 05:31:16 24868 24868 image_aggregator.cc:457] Failed to desparse /cf/etc/openwrt/images/openwrt_rootfs_aarch64
assemble_cvd D 12-12 05:31:16 24868 24868 data_image.cpp:106] Creating /cf/cuttlefish/instances/cvd-1/access-kregistry
assemble_cvd D 12-12 05:31:16 24868 24868 data_image.cpp:106] Creating /cf/cuttlefish/instances/cvd-1/hwcomposer-pmem
assemble_cvd D 12-12 05:31:16 24868 24868 data_image.cpp:106] Creating /cf/cuttlefish/instances/cvd-1/pstore
assemble_cvd D 12-12 05:31:16 24868 24868 disk_builder.cpp:204] No prior overlay
assemble_cvd D 12-12 05:31:16 24868 24868 subprocess.cpp:333] Started (pid: 25101): /cf/bin/crosvm
assemble_cvd D 12-12 05:31:16 24868 24868 subprocess.cpp:335] create_qcow2
assemble_cvd D 12-12 05:31:16 24868 24868 subprocess.cpp:335] --backing-file
assemble_cvd D 12-12 05:31:16 24868 24868 subprocess.cpp:335] /cf/cuttlefish/instances/cvd-1/os_composite.img
assemble_cvd D 12-12 05:31:16 24868 24868 subprocess.cpp:335] /cf/cuttlefish/instances/cvd-1/overlay.img
assemble_cvd D 12-12 05:31:17 24868 24868 disk_builder.cpp:204] No prior overlay
assemble_cvd D 12-12 05:31:17 24868 24868 subprocess.cpp:333] Started (pid: 25109): /cf/bin/crosvm
assemble_cvd D 12-12 05:31:17 24868 24868 subprocess.cpp:335] create_qcow2
assemble_cvd D 12-12 05:31:17 24868 24868 subprocess.cpp:335] --backing-file
assemble_cvd D 12-12 05:31:17 24868 24868 subprocess.cpp:335] /cf/cuttlefish/instances/cvd-1/ap_composite.img
assemble_cvd D 12-12 05:31:17 24868 24868 subprocess.cpp:335] /cf/cuttlefish/instances/cvd-1/ap_overlay.img
run_cvd I 12-12 05:31:17 25115 25115 reporting.cpp:33] The following files contain useful debugging information:
run_cvd I 12-12 05:31:17 25115 25115 reporting.cpp:38]   Logcat output: /cf/cuttlefish/instances/cvd-1/logs/logcat
run_cvd I 12-12 05:31:17 25115 25115 reporting.cpp:38]   Kernel log: /cf/cuttlefish/instances/cvd-1/kernel.log
run_cvd I 12-12 05:31:17 25115 25115 reporting.cpp:38]   Point your browser to https://localhost:8443 to interact with the device.
run_cvd I 12-12 05:31:17 25115 25115 reporting.cpp:38]   Launcher log: /cf/cuttlefish/instances/cvd-1/logs/launcher.log
run_cvd I 12-12 05:31:17 25115 25115 reporting.cpp:38]   Instance configuration: /cf/cuttlefish/instances/cvd-1/cuttlefish_config.json
run_cvd D 12-12 05:31:17 25115 25115 feature.cpp:56] Running setup for VirtualMachineManager
run_cvd D 12-12 05:31:17 25115 25115 feature.cpp:56] Running setup for ValidateTapDevices
run_cvd D 12-12 05:31:17 25115 25115 subprocess.cpp:333] Started (pid: 25121): /bin/bash
run_cvd D 12-12 05:31:17 25115 25115 subprocess.cpp:335] -c
run_cvd D 12-12 05:31:17 25115 25115 subprocess.cpp:335] egrep -h -e "^iff:.*" /proc/*/fdinfo/*
run_cvd D 12-12 05:31:17 25115 25115 subprocess.cpp:158] Subprocess 25121 exited with error code: 2
run_cvd D 12-12 05:31:17 25115 25115 feature.cpp:56] Running setup for KernelLogMonitor
run_cvd D 12-12 05:31:17 25115 25115 feature.cpp:56] Running setup for StreamerSockets
run_cvd D 12-12 05:31:17 25115 25115 feature.cpp:56] Running setup for WebRtcServer
run_cvd D 12-12 05:31:17 25115 25115 feature.cpp:56] Running setup for TombstoneReceiver
run_cvd D 12-12 05:31:17 25115 25115 tombstone_receiver.cpp:56] Setting up /cf/cuttlefish/instances/cvd-1/tombstones
run_cvd D 12-12 05:31:17 25115 25115 feature.cpp:56] Running setup for SecureEnvironment
run_cvd D 12-12 05:31:17 25115 25115 feature.cpp:56] Running setup for ValidateHostConfiguration
run_cvd D 12-12 05:31:17 25115 25115 feature.cpp:56] Running setup for RootCanal
run_cvd D 12-12 05:31:17 25115 25115 feature.cpp:56] Running setup for OpenwrtControlServer
run_cvd D 12-12 05:31:17 25115 25115 feature.cpp:56] Running setup for ModemSimulator
run_cvd D 12-12 05:31:17 25115 25115 feature.cpp:56] Running setup for OpenWrt
run_cvd D 12-12 05:31:17 25115 25115 feature.cpp:56] Running setup for ServerLoop
run_cvd D 12-12 05:31:17 25115 25115 feature.cpp:56] Running setup for ProcessLeader
run_cvd D 12-12 05:31:17 25123 25123 feature.cpp:56] Running setup for CvdBootStateMachine
run_cvd D 12-12 05:31:17 25123 25123 feature.cpp:56] Running setup for LogcatReceiver
run_cvd D 12-12 05:31:17 25123 25123 feature.cpp:56] Running setup for FastbootProxy
run_cvd D 12-12 05:31:17 25123 25123 feature.cpp:56] Running setup for SocketVsockProxy
run_cvd D 12-12 05:31:17 25123 25123 feature.cpp:56] Running setup for GnssGrpcProxyServer
run_cvd D 12-12 05:31:17 25123 25123 feature.cpp:56] Running setup for ConfigServer
run_cvd D 12-12 05:31:17 25123 25123 feature.cpp:56] Running setup for BluetoothConnector
run_cvd D 12-12 05:31:17 25123 25123 feature.cpp:56] Running setup for MetricsService
run_cvd D 12-12 05:31:17 25123 25123 feature.cpp:56] Running setup for WmediumdServer
run_cvd D 12-12 05:31:17 25123 25123 subprocess.cpp:333] Started (pid: 25125): /cf/bin/wmediumd_gen_config
run_cvd D 12-12 05:31:17 25123 25123 subprocess.cpp:335] -o/cf/cuttlefish/instances/cvd-1/internal/wmediumd.cfg
run_cvd D 12-12 05:31:17 25123 25123 subprocess.cpp:335] -p5554
run_cvd D 12-12 05:31:17 25123 25123 feature.cpp:56] Running setup for EchoServer
run_cvd D 12-12 05:31:17 25126 25126 process_monitor.cc:256] Monitoring subprocesses
run_cvd D 12-12 05:31:17 25126 25126 process_monitor.cc:81] Starting monitored subprocesses
run_cvd I 12-12 05:31:17 25126 25126 process_monitor.cc:83] /cf/bin/socket_vsock_proxy
run_cvd D 12-12 05:31:17 25126 25126 subprocess.cpp:333] Started (pid: 25127): /cf/bin/socket_vsock_proxy
run_cvd D 12-12 05:31:17 25126 25126 subprocess.cpp:335] --events_fd=45
run_cvd D 12-12 05:31:17 25126 25126 subprocess.cpp:335] --start_event_id=5
run_cvd D 12-12 05:31:17 25126 25126 subprocess.cpp:335] --server_type=tcp
run_cvd D 12-12 05:31:17 25126 25126 subprocess.cpp:335] --server_fd=46
run_cvd D 12-12 05:31:17 25126 25126 subprocess.cpp:335] --client_type=vsock
run_cvd D 12-12 05:31:17 25126 25126 subprocess.cpp:335] --client_vsock_port=5555
run_cvd D 12-12 05:31:17 25126 25126 subprocess.cpp:335] --client_vsock_id=3
run_cvd D 12-12 05:31:17 25126 25126 subprocess.cpp:335] --label=adb
run_cvd I 12-12 05:31:17 25126 25126 process_monitor.cc:83] /cf/bin/socket_vsock_proxy
run_cvd D 12-12 05:31:17 25126 25126 subprocess.cpp:333] Started (pid: 25128): /cf/bin/socket_vsock_proxy
run_cvd D 12-12 05:31:17 25126 25126 subprocess.cpp:335] --server_type=tcp
run_cvd D 12-12 05:31:17 25126 25126 subprocess.cpp:335] --server_tcp_port=7520
run_cvd D 12-12 05:31:17 25126 25126 subprocess.cpp:335] --client_type=tcp
run_cvd D 12-12 05:31:17 25126 25126 subprocess.cpp:335] --client_tcp_host=fe80:0000:0000:0000:021a:11ff:fee1:cf00%cvd-ebr
run_cvd D 12-12 05:31:17 25126 25126 subprocess.cpp:335] --client_tcp_port=5554
run_cvd D 12-12 05:31:17 25126 25126 subprocess.cpp:335] --label=fastboot
run_cvd I 12-12 05:31:17 25126 25126 process_monitor.cc:83] /cf/bin/tcp_connector
run_cvd D 12-12 05:31:17 25126 25126 subprocess.cpp:333] Started (pid: 25129): /cf/bin/tcp_connector
run_cvd D 12-12 05:31:17 25126 25126 subprocess.cpp:335] -fifo_out=47
run_cvd D 12-12 05:31:17 25126 25126 subprocess.cpp:335] -fifo_in=48
run_cvd D 12-12 05:31:17 25126 25126 subprocess.cpp:335] -data_port=7300
run_cvd D 12-12 05:31:17 25126 25126 subprocess.cpp:335] -buffer_size=2058
run_cvd I 12-12 05:31:17 25126 25126 process_monitor.cc:83] /cf/bin/config_server
run_cvd D 12-12 05:31:17 25126 25126 subprocess.cpp:333] Started (pid: 25130): /cf/bin/config_server
run_cvd D 12-12 05:31:17 25126 25126 subprocess.cpp:335] -server_fd=49
run_cvd I 12-12 05:31:17 25126 25126 process_monitor.cc:83] /cf/bin/echo_server
run_cvd D 12-12 05:31:17 25126 25126 subprocess.cpp:333] Started (pid: 25131): /cf/bin/echo_server
run_cvd D 12-12 05:31:17 25126 25126 subprocess.cpp:335] --grpc_uds_path=/tmp/cf_avd_0/cvd-1/grpc_socket/EchoServer.sock
run_cvd I 12-12 05:31:17 25126 25126 process_monitor.cc:83] /cf/bin/gnss_grpc_proxy
run_cvd D 12-12 05:31:17 25126 25126 subprocess.cpp:333] Started (pid: 25132): /cf/bin/gnss_grpc_proxy
run_cvd D 12-12 05:31:17 25126 25126 subprocess.cpp:335] --gnss_in_fd=50
run_cvd D 12-12 05:31:17 25126 25126 subprocess.cpp:335] --gnss_out_fd=51
run_cvd D 12-12 05:31:17 25126 25126 subprocess.cpp:335] --fixed_location_in_fd=52
run_cvd D 12-12 05:31:17 25126 25126 subprocess.cpp:335] --fixed_location_out_fd=53
run_cvd D 12-12 05:31:17 25126 25126 subprocess.cpp:335] --gnss_grpc_port=7200
run_cvd D 12-12 05:31:17 25126 25126 subprocess.cpp:335] --gnss_grpc_socket=/tmp/cf_avd_0/cvd-1/grpc_socket/GnssGrpcProxyServer.sock
run_cvd I 12-12 05:31:17 25126 25126 process_monitor.cc:83] /cf/bin/logcat_receiver
run_cvd D 12-12 05:31:17 25126 25126 subprocess.cpp:333] Started (pid: 25133): /cf/bin/logcat_receiver
run_cvd D 12-12 05:31:17 25126 25126 subprocess.cpp:335] -log_pipe_fd=54
run_cvd I 12-12 05:31:17 25126 25126 process_monitor.cc:83] /cf/bin/kernel_log_monitor
run_cvd D 12-12 05:31:17 25126 25126 subprocess.cpp:333] Started (pid: 25134): /cf/bin/kernel_log_monitor
run_cvd D 12-12 05:31:17 25126 25126 subprocess.cpp:335] -log_pipe_fd=55
run_cvd D 12-12 05:31:17 25126 25126 subprocess.cpp:335] -subscriber_fds=56,57,58,59
run_cvd I 12-12 05:31:17 25126 25126 process_monitor.cc:83] /cf/bin/metrics
run_cvd D 12-12 05:31:17 25126 25126 subprocess.cpp:333] Started (pid: 25135): /cf/bin/metrics
run_cvd I 12-12 05:31:17 25126 25126 process_monitor.cc:83] /cf/bin/log_tee
run_cvd D 12-12 05:31:17 25126 25126 subprocess.cpp:333] Started (pid: 25136): /cf/bin/log_tee
run_cvd D 12-12 05:31:17 25126 25126 subprocess.cpp:335] --process_name=openwrt
run_cvd D 12-12 05:31:17 25126 25126 subprocess.cpp:335] --log_fd_in=65
run_cvd I 12-12 05:31:17 25126 25126 process_monitor.cc:83] /cf/bin/process_restarter
run_cvd D 12-12 05:31:17 25126 25126 subprocess.cpp:333] Started (pid: 25137): /cf/bin/process_restarter
run_cvd D 12-12 05:31:17 25126 25126 subprocess.cpp:335] -when_exited_with_code=32
run_cvd D 12-12 05:31:17 25126 25126 subprocess.cpp:335] --
run_cvd D 12-12 05:31:17 25126 25126 subprocess.cpp:335] /cf/bin/crosvm
run_cvd D 12-12 05:31:17 25126 25126 subprocess.cpp:335] --extended-status
run_cvd D 12-12 05:31:17 25126 25126 subprocess.cpp:335] run
run_cvd D 12-12 05:31:17 25126 25126 subprocess.cpp:335] --socket=/tmp/cf_avd_0/cvd-1/internal/ap_control.sock
run_cvd D 12-12 05:31:17 25126 25126 subprocess.cpp:335] --vhost-user-mac80211-hwsim=/tmp/cf_avd_0/cvd-1/internal/vhost_user_mac80211
run_cvd D 12-12 05:31:17 25126 25126 subprocess.cpp:335] --net=tap-fd=61
run_cvd D 12-12 05:31:17 25126 25126 subprocess.cpp:335] --disable-sandbox
run_cvd D 12-12 05:31:17 25126 25126 subprocess.cpp:335] --rwdisk=/cf/cuttlefish/instances/cvd-1/ap_overlay.img
run_cvd D 12-12 05:31:17 25126 25126 subprocess.cpp:335] --serial=hardware=serial,num=1,type=file,path=/cf/cuttlefish/instances/cvd-1/logs/crosvm_openwrt_boot.log,earlycon=true
run_cvd D 12-12 05:31:17 25126 25126 subprocess.cpp:335] --serial=hardware=virtio-console,num=1,type=file,path=/cf/cuttlefish/instances/cvd-1/logs/crosvm_openwrt.log
run_cvd D 12-12 05:31:17 25126 25126 subprocess.cpp:335] --params="root=/dev/vda1"
run_cvd D 12-12 05:31:17 25126 25126 subprocess.cpp:335] --params=wan_broadcast=192.168.94.3
run_cvd D 12-12 05:31:17 25126 25126 subprocess.cpp:335] --params=wan_gateway=192.168.94.1
run_cvd D 12-12 05:31:17 25126 25126 subprocess.cpp:335] --params=wan_ipaddr=192.168.94.2
run_cvd D 12-12 05:31:17 25126 25126 subprocess.cpp:335] --params=bridged_wifi_tap=false
run_cvd D 12-12 05:31:17 25126 25126 subprocess.cpp:335] /cf/etc/openwrt/images/openwrt_kernel_aarch64
run_cvd I 12-12 05:31:17 25126 25126 process_monitor.cc:83] /cf/bin/openwrt_control_server
run_cvd D 12-12 05:31:17 25126 25126 subprocess.cpp:333] Started (pid: 25138): /cf/bin/openwrt_control_server
run_cvd D 12-12 05:31:17 25126 25126 subprocess.cpp:335] --grpc_uds_path=/tmp/cf_avd_0/cvd-1/grpc_socket/OpenwrtControlServer.sock
run_cvd D 12-12 05:31:17 25126 25126 subprocess.cpp:335] --bridged_wifi_tap=0
run_cvd D 12-12 05:31:17 25126 25126 subprocess.cpp:335] --launcher_log_path=/cf/cuttlefish/instances/cvd-1/logs/launcher.log
run_cvd D 12-12 05:31:17 25126 25126 subprocess.cpp:335] --openwrt_log_path=/cf/cuttlefish/instances/cvd-1/logs/crosvm_openwrt.log
run_cvd I 12-12 05:31:17 25126 25126 process_monitor.cc:83] /cf/bin/log_tee
run_cvd D 12-12 05:31:17 25126 25126 subprocess.cpp:333] Started (pid: 25139): /cf/bin/log_tee
run_cvd D 12-12 05:31:17 25126 25126 subprocess.cpp:335] --process_name=rootcanal
run_cvd D 12-12 05:31:17 25126 25126 subprocess.cpp:335] --log_fd_in=69
run_cvd I 12-12 05:31:17 25126 25126 process_monitor.cc:83] /cf/bin/process_restarter
run_cvd D 12-12 05:31:17 25126 25126 subprocess.cpp:333] Started (pid: 25140): /cf/bin/process_restarter
run_cvd D 12-12 05:31:17 25126 25126 subprocess.cpp:335] -when_killed
run_cvd D 12-12 05:31:17 25126 25126 subprocess.cpp:335] -when_dumped
run_cvd D 12-12 05:31:17 25126 25126 subprocess.cpp:335] -when_exited_with_failure
run_cvd D 12-12 05:31:17 25126 25126 subprocess.cpp:335] --
run_cvd D 12-12 05:31:17 25126 25126 subprocess.cpp:335] /cf/bin/root-canal
run_cvd D 12-12 05:31:17 25126 25126 subprocess.cpp:335] --test_port=7500
run_cvd D 12-12 05:31:17 25126 25126 subprocess.cpp:335] --hci_port=7300
run_cvd D 12-12 05:31:17 25126 25126 subprocess.cpp:335] --link_port=7400
run_cvd D 12-12 05:31:17 25126 25126 subprocess.cpp:335] --link_ble_port=7600
run_cvd D 12-12 05:31:17 25126 25126 subprocess.cpp:335] --controller_properties_file=/cf/etc/rootcanal/data/controller_properties.json
run_cvd D 12-12 05:31:17 25126 25126 subprocess.cpp:335] --default_commands_file=/cf/etc/rootcanal/data/default_commands
run_cvd D 12-12 05:31:17 25126 25126 subprocess.cpp:335]
run_cvd I 12-12 05:31:17 25126 25126 process_monitor.cc:83] /cf/bin/secure_env
run_cvd D 12-12 05:31:17 25126 25126 subprocess.cpp:333] Started (pid: 25141): /cf/bin/secure_env
run_cvd D 12-12 05:31:17 25126 25126 subprocess.cpp:335] -confui_server_fd=70
run_cvd D 12-12 05:31:17 25126 25126 subprocess.cpp:335] -keymaster_fd_out=71
run_cvd D 12-12 05:31:17 25126 25126 subprocess.cpp:335] -keymaster_fd_in=72
run_cvd D 12-12 05:31:17 25126 25126 subprocess.cpp:335] -gatekeeper_fd_out=73
run_cvd D 12-12 05:31:17 25126 25126 subprocess.cpp:335] -gatekeeper_fd_in=74
run_cvd D 12-12 05:31:17 25126 25126 subprocess.cpp:335] -oemlock_fd_out=75
run_cvd D 12-12 05:31:17 25126 25126 subprocess.cpp:335] -oemlock_fd_in=76
run_cvd D 12-12 05:31:17 25126 25126 subprocess.cpp:335] -keymint_fd_out=77
run_cvd D 12-12 05:31:17 25126 25126 subprocess.cpp:335] -keymint_fd_in=78
run_cvd D 12-12 05:31:17 25126 25126 subprocess.cpp:335] -keymint_impl=tpm
run_cvd D 12-12 05:31:17 25126 25126 subprocess.cpp:335] -gatekeeper_impl=tpm
run_cvd D 12-12 05:31:17 25126 25126 subprocess.cpp:335] -oemlock_impl=software
run_cvd D 12-12 05:31:17 25126 25126 subprocess.cpp:335] -kernel_events_fd=79
run_cvd I 12-12 05:31:17 25126 25126 process_monitor.cc:83] /cf/bin/tombstone_receiver
run_cvd D 12-12 05:31:17 25126 25126 subprocess.cpp:333] Started (pid: 25142): /cf/bin/tombstone_receiver
run_cvd D 12-12 05:31:17 25126 25126 subprocess.cpp:335] -server_fd=80
run_cvd D 12-12 05:31:17 25126 25126 subprocess.cpp:335] -tombstone_dir=/cf/cuttlefish/instances/cvd-1/tombstones
run_cvd I 12-12 05:31:17 25126 25126 process_monitor.cc:83] /cf/bin/log_tee
run_cvd D 12-12 05:31:17 25126 25126 subprocess.cpp:333] Started (pid: 25143): /cf/bin/log_tee
run_cvd D 12-12 05:31:17 25126 25126 subprocess.cpp:335] --process_name=wmediumd
run_cvd D 12-12 05:31:17 25126 25126 subprocess.cpp:335] --log_fd_in=84
run_cvd I 12-12 05:31:17 25126 25126 process_monitor.cc:83] /cf/bin/wmediumd
run_cvd D 12-12 05:31:17 25126 25126 subprocess.cpp:333] Started (pid: 25144): /cf/bin/wmediumd
run_cvd D 12-12 05:31:17 25126 25126 subprocess.cpp:335] -u/tmp/cf_avd_0/cvd-1/internal/vhost_user_mac80211
run_cvd D 12-12 05:31:17 25126 25126 subprocess.cpp:335] -a/tmp/cf_avd_0/cvd-1/internal/wmediumd_api_server
run_cvd D 12-12 05:31:17 25126 25126 subprocess.cpp:335] -c/cf/cuttlefish/instances/cvd-1/internal/wmediumd.cfg
run_cvd D 12-12 05:31:17 25126 25126 subprocess.cpp:335] --grpc_uds_path=/tmp/cf_avd_0/cvd-1/grpc_socket/WmediumdServer.sock
run_cvd I 12-12 05:31:17 25126 25126 process_monitor.cc:83] /cf/bin/modem_simulator
run_cvd D 12-12 05:31:17 25126 25126 subprocess.cpp:333] Started (pid: 25145): /cf/bin/modem_simulator
run_cvd D 12-12 05:31:17 25126 25126 subprocess.cpp:335] -sim_type=1
run_cvd D 12-12 05:31:17 25126 25126 subprocess.cpp:335] -server_fds=85
run_cvd I 12-12 05:31:17 25126 25126 process_monitor.cc:83] /cf/bin/operator_proxy
run_cvd D 12-12 05:31:17 25126 25126 subprocess.cpp:333] Started (pid: 25146): /cf/bin/operator_proxy
run_cvd D 12-12 05:31:17 25126 25126 subprocess.cpp:335] -server_port=8443
run_cvd I 12-12 05:31:17 25126 25126 process_monitor.cc:83] /cf/bin/webRTC
run_cvd D 12-12 05:31:17 25126 25126 subprocess.cpp:333] Started (pid: 25147): /cf/bin/webRTC
run_cvd D 12-12 05:31:17 25126 25126 subprocess.cpp:335] -touch_fds=86
run_cvd D 12-12 05:31:17 25126 25126 subprocess.cpp:335] -keyboard_fd=87
run_cvd D 12-12 05:31:17 25126 25126 subprocess.cpp:335] -frame_server_fd=88
run_cvd D 12-12 05:31:17 25126 25126 subprocess.cpp:335] --audio_server_fd=89
run_cvd D 12-12 05:31:17 25126 25126 subprocess.cpp:335] --confui_in_fd=90
run_cvd D 12-12 05:31:17 25126 25126 subprocess.cpp:335] --confui_out_fd=91
run_cvd D 12-12 05:31:17 25126 25126 subprocess.cpp:335] -switches_fd=92
run_cvd D 12-12 05:31:17 25126 25126 subprocess.cpp:335] --command_fd=93
run_cvd D 12-12 05:31:17 25126 25126 subprocess.cpp:335] -kernel_log_events_fd=94
run_cvd D 12-12 05:31:17 25126 25126 subprocess.cpp:335] -client_dir=/cf/usr/share/webrtc/assets
run_cvd I 12-12 05:31:17 25126 25126 process_monitor.cc:83] /cf/bin/log_tee
run_cvd D 12-12 05:31:17 25126 25126 subprocess.cpp:333] Started (pid: 25148): /cf/bin/log_tee
run_cvd D 12-12 05:31:17 25126 25126 subprocess.cpp:335] --process_name=crosvm
run_cvd D 12-12 05:31:17 25126 25126 subprocess.cpp:335] --log_fd_in=100
run_cvd I 12-12 05:31:17 25126 25126 process_monitor.cc:83] /cf/bin/process_restarter
run_cvd D 12-12 05:31:17 25126 25126 subprocess.cpp:333] Started (pid: 25149): /cf/bin/process_restarter
run_cvd D 12-12 05:31:17 25126 25126 subprocess.cpp:335] -when_exited_with_code=32
run_cvd D 12-12 05:31:17 25126 25126 subprocess.cpp:335] --
run_cvd D 12-12 05:31:17 25126 25126 subprocess.cpp:335] /cf/bin/crosvm
run_cvd D 12-12 05:31:17 25126 25126 subprocess.cpp:335] --extended-status
run_cvd D 12-12 05:31:17 25126 25126 subprocess.cpp:335] run
run_cvd D 12-12 05:31:17 25126 25126 subprocess.cpp:335] --socket=/tmp/cf_avd_0/cvd-1/internal/crosvm_control.sock
run_cvd D 12-12 05:31:17 25126 25126 subprocess.cpp:335] --no-smt
run_cvd D 12-12 05:31:17 25126 25126 subprocess.cpp:335] --vhost-user-mac80211-hwsim=/tmp/cf_avd_0/cvd-1/internal/vhost_user_mac80211
run_cvd D 12-12 05:31:17 25126 25126 subprocess.cpp:335] --gpu=backend=2D,pci-bar-size=268435456
run_cvd D 12-12 05:31:17 25126 25126 subprocess.cpp:335] --rw-pmem-device=/cf/cuttlefish/instances/cvd-1/hwcomposer-pmem
run_cvd D 12-12 05:31:17 25126 25126 subprocess.cpp:335] --gpu-display=mode=windowed[720,1280],dpi=[320,320],refresh-rate=60
run_cvd D 12-12 05:31:17 25126 25126 subprocess.cpp:335] --wayland-sock=/tmp/cf_avd_0/cvd-1/internal/frames.sock
run_cvd D 12-12 05:31:17 25126 25126 subprocess.cpp:335] --mem=4096
run_cvd D 12-12 05:31:17 25126 25126 subprocess.cpp:335] --cpus=2
run_cvd D 12-12 05:31:17 25126 25126 subprocess.cpp:335] --rwdisk=/cf/cuttlefish/instances/cvd-1/overlay.img
run_cvd D 12-12 05:31:17 25126 25126 subprocess.cpp:335] --rwdisk=/cf/cuttlefish/instances/cvd-1/persistent_composite.img
run_cvd D 12-12 05:31:17 25126 25126 subprocess.cpp:335] --rwdisk=/cf/cuttlefish/instances/cvd-1/sdcard.img
run_cvd D 12-12 05:31:17 25126 25126 subprocess.cpp:335] --multi-touch=/tmp/cf_avd_0/cvd-1/internal/touch_0.sock:720:1280
run_cvd D 12-12 05:31:17 25126 25126 subprocess.cpp:335] --keyboard=/tmp/cf_avd_0/cvd-1/internal/keyboard.sock
run_cvd D 12-12 05:31:17 25126 25126 subprocess.cpp:335] --switches=/tmp/cf_avd_0/cvd-1/internal/switches.sock
run_cvd D 12-12 05:31:17 25126 25126 subprocess.cpp:335] --net=tap-fd=96,mac="00:1a:11:e0:cf:00"
run_cvd D 12-12 05:31:17 25126 25126 subprocess.cpp:335] --net=tap-fd=98,mac="00:1a:11:e1:cf:00"
run_cvd D 12-12 05:31:17 25126 25126 subprocess.cpp:335] --rw-pmem-device=/cf/cuttlefish/instances/cvd-1/access-kregistry
run_cvd D 12-12 05:31:17 25126 25126 subprocess.cpp:335] --pstore=path=/cf/cuttlefish/instances/cvd-1/pstore,size=2097152
run_cvd D 12-12 05:31:17 25126 25126 subprocess.cpp:335] --disable-sandbox
run_cvd D 12-12 05:31:17 25126 25126 subprocess.cpp:335] --cid=3
run_cvd D 12-12 05:31:17 25126 25126 subprocess.cpp:335] --serial=hardware=virtio-console,num=1,type=file,path=/cf/cuttlefish/instances/cvd-1/internal/kernel-log-pipe,console=true
run_cvd D 12-12 05:31:17 25126 25126 subprocess.cpp:335] --serial=hardware=serial,num=1,type=file,path=/cf/cuttlefish/instances/cvd-1/internal/kernel-log-pipe,earlycon=true
run_cvd D 12-12 05:31:17 25126 25126 subprocess.cpp:335] --serial=hardware=virtio-console,num=2,type=sink
run_cvd D 12-12 05:31:17 25126 25126 subprocess.cpp:335] --serial=hardware=virtio-console,num=3,type=file,path=/cf/cuttlefish/instances/cvd-1/internal/logcat-pipe
run_cvd D 12-12 05:31:17 25126 25126 subprocess.cpp:335] --serial=hardware=virtio-console,num=4,type=file,path=/cf/cuttlefish/instances/cvd-1/internal/keymaster_fifo_vm.out,input=/cf/cuttlefish/instances/cvd-1/internal/keymaster_fifo_vm.in
run_cvd D 12-12 05:31:17 25126 25126 subprocess.cpp:335] --serial=hardware=virtio-console,num=5,type=file,path=/cf/cuttlefish/instances/cvd-1/internal/gatekeeper_fifo_vm.out,input=/cf/cuttlefish/instances/cvd-1/internal/gatekeeper_fifo_vm.in
run_cvd D 12-12 05:31:17 25126 25126 subprocess.cpp:335] --serial=hardware=virtio-console,num=6,type=file,path=/cf/cuttlefish/instances/cvd-1/internal/bt_fifo_vm.out,input=/cf/cuttlefish/instances/cvd-1/internal/bt_fifo_vm.in
run_cvd D 12-12 05:31:17 25126 25126 subprocess.cpp:335] --serial=hardware=virtio-console,num=7,type=file,path=/cf/cuttlefish/instances/cvd-1/internal/gnsshvc_fifo_vm.out,input=/cf/cuttlefish/instances/cvd-1/internal/gnsshvc_fifo_vm.in
run_cvd D 12-12 05:31:17 25126 25126 subprocess.cpp:335] --serial=hardware=virtio-console,num=8,type=file,path=/cf/cuttlefish/instances/cvd-1/internal/locationhvc_fifo_vm.out,input=/cf/cuttlefish/instances/cvd-1/internal/locationhvc_fifo_vm.in
run_cvd D 12-12 05:31:17 25126 25126 subprocess.cpp:335] --serial=hardware=virtio-console,num=9,type=file,path=/cf/cuttlefish/instances/cvd-1/internal/confui_fifo_vm.out,input=/cf/cuttlefish/instances/cvd-1/internal/confui_fifo_vm.in
run_cvd D 12-12 05:31:17 25126 25126 subprocess.cpp:335] --serial=hardware=virtio-console,num=10,type=sink
run_cvd D 12-12 05:31:17 25126 25126 subprocess.cpp:335] --serial=hardware=virtio-console,num=11,type=file,path=/cf/cuttlefish/instances/cvd-1/internal/oemlock_fifo_vm.out,input=/cf/cuttlefish/instances/cvd-1/internal/oemlock_fifo_vm.in
run_cvd D 12-12 05:31:17 25126 25126 subprocess.cpp:335] --serial=hardware=virtio-console,num=12,type=file,path=/cf/cuttlefish/instances/cvd-1/internal/keymint_fifo_vm.out,input=/cf/cuttlefish/instances/cvd-1/internal/keymint_fifo_vm.in
run_cvd D 12-12 05:31:17 25126 25126 subprocess.cpp:335] --sound=/tmp/cf_avd_0/cvd-1/internal/audio_server.sock
run_cvd D 12-12 05:31:17 25126 25126 subprocess.cpp:335] --bios=/cf/bootloader
run_cvd D 12-12 05:31:17 25126 25150 process_monitor.cc:93] Waiting for a `stop` message from the parent
openwrt D 12-12 05:31:18 25136 25136 log_tee.cpp:82] Starting to read from process openwrt
rootcanal D 12-12 05:31:18 25139 25139 log_tee.cpp:82] Starting to read from process rootcanal
wmediumd D 12-12 05:31:18 25143 25143 log_tee.cpp:82] Starting to read from process wmediumd
crosvm D 12-12 05:31:18 25148 25148 log_tee.cpp:82] Starting to read from process crosvm
proxy_fastboot D 12-12 05:31:18 25128 25128 socket_vsock_proxy.cpp:187] Starting proxy
proxy_adb D 12-12 05:31:18 25127 25127 socket_vsock_proxy.cpp:126] Start reading
crosvm D 12-12 05:31:18 25148 25148 log_tee.cpp:125] process_restarter V 12-12 05:31:18 25149 25149 main.cc:62] process_restarter starting
openwrt D 12-12 05:31:18 25136 25136 log_tee.cpp:125] process_restarter V 12-12 05:31:18 25137 25137 main.cc:62] process_restarter starting
openwrt D 12-12 05:31:18 25136 25136 log_tee.cpp:125] process_restarter V 12-12 05:31:18 25137 25137 main.cc:66] Starting monitored process /cf/bin/crosvm
crosvm D 12-12 05:31:18 25148 25148 log_tee.cpp:125] process_restarter V 12-12 05:31:18 25149 25149 main.cc:66] Starting monitored process /cf/bin/crosvm
rootcanal D 12-12 05:31:18 25139 25139 log_tee.cpp:125] process_restarter V 12-12 05:31:18 25140 25140 main.cc:62] process_restarter starting
rootcanal D 12-12 05:31:18 25139 25139 log_tee.cpp:125] process_restarter V 12-12 05:31:18 25140 25140 main.cc:66] Starting monitored process /cf/bin/root-canal
crosvm D 12-12 05:31:18 25148 25148 log_tee.cpp:125] [2024-12-12T05:31:18.477025007+00:00 INFO  crosvm] crosvm started.
crosvm D 12-12 05:31:18 25148 25148 log_tee.cpp:125] crosvm I 12-12 05:31:18 25154 25154 :759] crosvm started.
openwrt D 12-12 05:31:18 25136 25136 log_tee.cpp:125] [2024-12-12T05:31:18.477248134+00:00 INFO  crosvm] crosvm started.
openwrt D 12-12 05:31:18 25136 25136 log_tee.cpp:125] crosvm I 12-12 05:31:18 25153 25153 :759] crosvm started.
tombstone_receiver D 12-12 05:31:18 25142 25142 main.cpp:80] Host is starting server on port 6600
openwrt D 12-12 05:31:18 25136 25136 log_tee.cpp:125] [2024-12-12T05:31:18.843563081+00:00 INFO  crosvm] CLI arguments parsed.
openwrt D 12-12 05:31:18 25136 25136 log_tee.cpp:125] crosvm I 12-12 05:31:18 25153 25153 CLI arguments parsed.:635] CLI arguments parsed.
crosvm D 12-12 05:31:18 25148 25148 log_tee.cpp:125] [2024-12-12T05:31:18.855330656+00:00 INFO  crosvm] CLI arguments parsed.
crosvm D 12-12 05:31:18 25148 25148 log_tee.cpp:125] crosvm I 12-12 05:31:18 25154 25154 CLI arguments parsed.:635] CLI arguments parsed.
tcp_connector E 12-12 05:31:18 25129 25167 main.cpp:81] failed to read from socket, retry.
config_server D 12-12 05:31:18 25130 25130 host_device_config.cpp:51] Network config:
config_server D 12-12 05:31:18 25130 25130 host_device_config.cpp:52] ipaddr = 192.168.97.2
config_server D 12-12 05:31:18 25130 25130 host_device_config.cpp:53] gateway = 192.168.97.1
config_server D 12-12 05:31:18 25130 25130 host_device_config.cpp:54] dns = 8.8.8.8
config_server D 12-12 05:31:18 25130 25130 host_device_config.cpp:55] broadcast = 192.168.97.3
config_server D 12-12 05:31:18 25130 25130 host_device_config.cpp:56] prefix length = 30
openwrt D 12-12 05:31:19 25136 25136 log_tee.cpp:125] [2024-12-12T05:31:19.011089044+00:00 INFO  crosvm::crosvm::sys::unix::device_helpers] Trying to attach block device: /cf/cuttlefish/instances/cvd-1/ap_overlay.img
openwrt D 12-12 05:31:19 25136 25136 log_tee.cpp:125] crosvm I 12-12 05:31:19 25153 25153 :221] Trying to attach block device: /cf/cuttlefish/instances/cvd-1/ap_overlay.img
openwrt D 12-12 05:31:19 25136 25136 log_tee.cpp:125] [2024-12-12T05:31:19.011242209+00:00 INFO  disk] disk size 327680,
openwrt D 12-12 05:31:19 25136 25136 log_tee.cpp:125] crosvm I 12-12 05:31:19 25153 25153 :218] disk size 327680,
openwrt D 12-12 05:31:19 25136 25136 log_tee.cpp:125] [2024-12-12T05:31:19.011282116+00:00 INFO  disk] Disk image file is hosted on file system type ef53
openwrt D 12-12 05:31:19 25136 25136 log_tee.cpp:125] crosvm I 12-12 05:31:19 25153 25153 :207] Disk image file is hosted on file system type ef53
openwrt D 12-12 05:31:19 25136 25136 log_tee.cpp:125] [2024-12-12T05:31:19.011375116+00:00 INFO  disk] disk size 204,
openwrt D 12-12 05:31:19 25136 25136 log_tee.cpp:125] crosvm I 12-12 05:31:19 25153 25153 :218] disk size 204,
openwrt D 12-12 05:31:19 25136 25136 log_tee.cpp:125] [2024-12-12T05:31:19.011408171+00:00 INFO  disk] Disk image file is hosted on file system type ef53
openwrt D 12-12 05:31:19 25136 25136 log_tee.cpp:125] crosvm I 12-12 05:31:19 25153 25153 :207] Disk image file is hosted on file system type ef53
openwrt D 12-12 05:31:19 25136 25136 log_tee.cpp:125] [2024-12-12T05:31:19.011514985+00:00 INFO  disk] disk size 20480,
openwrt D 12-12 05:31:19 25136 25136 log_tee.cpp:125] crosvm I 12-12 05:31:19 25153 25153 :218] disk size 20480,
openwrt D 12-12 05:31:19 25136 25136 log_tee.cpp:125] [2024-12-12T05:31:19.011541207+00:00 INFO  disk] Disk image file is hosted on file system type ef53
openwrt D 12-12 05:31:19 25136 25136 log_tee.cpp:125] crosvm I 12-12 05:31:19 25153 25153 :207] Disk image file is hosted on file system type ef53
openwrt D 12-12 05:31:19 25136 25136 log_tee.cpp:125] [2024-12-12T05:31:19.011583595+00:00 INFO  disk] disk size 137625600,
openwrt D 12-12 05:31:19 25136 25136 log_tee.cpp:125] crosvm I 12-12 05:31:19 25153 25153 :218] disk size 137625600,
openwrt D 12-12 05:31:19 25136 25136 log_tee.cpp:125] [2024-12-12T05:31:19.011605262+00:00 INFO  disk] Disk image file is hosted on file system type ef53
openwrt D 12-12 05:31:19 25136 25136 log_tee.cpp:125] crosvm I 12-12 05:31:19 25153 25153 :207] Disk image file is hosted on file system type ef53
openwrt D 12-12 05:31:19 25136 25136 log_tee.cpp:125] [2024-12-12T05:31:19.011643520+00:00 INFO  disk] disk size 45056,
openwrt D 12-12 05:31:19 25136 25136 log_tee.cpp:125] crosvm I 12-12 05:31:19 25153 25153 :218] disk size 45056,
openwrt D 12-12 05:31:19 25136 25136 log_tee.cpp:125] [2024-12-12T05:31:19.011664928+00:00 INFO  disk] Disk image file is hosted on file system type ef53
openwrt D 12-12 05:31:19 25136 25136 log_tee.cpp:125] crosvm I 12-12 05:31:19 25153 25153 :207] Disk image file is hosted on file system type ef53
modem_simulator I 12-12 05:31:19 25145 25145 main.cpp:74] Start modem simulator, server_fds: 85, Sim type: normal
Start modem simulator, server_fds: 85, Sim type: normal
openwrt D 12-12 05:31:19 25136 25136 log_tee.cpp:125] [2024-12-12T05:31:19.265532913+00:00 ERROR crosvm] exiting with error 1: failed to connect to vhost-user socket path /tmp/cf_avd_0/cvd-1/internal/vhost_user_mac80211
openwrt D 12-12 05:31:19 25136 25136 log_tee.cpp:125]
openwrt D 12-12 05:31:19 25136 25136 log_tee.cpp:125] Caused by:
openwrt D 12-12 05:31:19 25136 25136 log_tee.cpp:125]     No such file or directory (os error 2)
openwrt D 12-12 05:31:19 25136 25136 log_tee.cpp:125] crosvm E 12-12 05:31:19 25153 25153 :769] exiting with error 1: failed to connect to vhost-user socket path /tmp/cf_avd_0/cvd-1/internal/vhost_user_mac80211
openwrt D 12-12 05:31:19 25136 25136 log_tee.cpp:125]
openwrt D 12-12 05:31:19 25136 25136 log_tee.cpp:125] Caused by:
openwrt D 12-12 05:31:19 25136 25136 log_tee.cpp:125]     No such file or directory (os error 2)
openwrt D 12-12 05:31:19 25136 25136 log_tee.cpp:125] process_restarter V 12-12 05:31:19 25137 25137 main.cc:78] /cf/bin/crosvm exited with exit code: 1
run_cvd I 12-12 05:31:19 25126 25126 process_monitor.cc:52] Detected unexpected exit of monitored subprocess /cf/bin/process_restarter
run_cvd I 12-12 05:31:19 25126 25126 process_monitor.cc:54] Subprocess /cf/bin/process_restarter (25137) has exited with exit code 1
gnss_grpc_proxy D 12-12 05:31:19 25132 25132 gnss_grpc_proxy.cpp:485] Starting gnss grpc proxy server...
crosvm D 12-12 05:31:19 25148 25148 log_tee.cpp:125] [2024-12-12T05:31:19.297054098+00:00 INFO  crosvm::crosvm::sys::unix::device_helpers] Trying to attach block device: /cf/cuttlefish/instances/cvd-1/overlay.img
crosvm D 12-12 05:31:19 25148 25148 log_tee.cpp:125] crosvm I 12-12 05:31:19 25154 25154 :221] Trying to attach block device: /cf/cuttlefish/instances/cvd-1/overlay.img
crosvm D 12-12 05:31:19 25148 25148 log_tee.cpp:125] [2024-12-12T05:31:19.297223226+00:00 INFO  disk] disk size 327680,
crosvm D 12-12 05:31:19 25148 25148 log_tee.cpp:125] crosvm I 12-12 05:31:19 25154 25154 :218] disk size 327680,
crosvm D 12-12 05:31:19 25148 25148 log_tee.cpp:125] [2024-12-12T05:31:19.297259411+00:00 INFO  disk] Disk image file is hosted on file system type ef53
crosvm D 12-12 05:31:19 25148 25148 log_tee.cpp:125] crosvm I 12-12 05:31:19 25154 25154 :207] Disk image file is hosted on file system type ef53
crosvm D 12-12 05:31:19 25148 25148 log_tee.cpp:125] [2024-12-12T05:31:19.297351095+00:00 INFO  disk] disk size 633,
crosvm D 12-12 05:31:19 25148 25148 log_tee.cpp:125] crosvm I 12-12 05:31:19 25154 25154 :218] disk size 633,
crosvm D 12-12 05:31:19 25148 25148 log_tee.cpp:125] [2024-12-12T05:31:19.297375150+00:00 INFO  disk] Disk image file is hosted on file system type ef53
crosvm D 12-12 05:31:19 25148 25148 log_tee.cpp:125] crosvm I 12-12 05:31:19 25154 25154 :207] Disk image file is hosted on file system type ef53
crosvm D 12-12 05:31:19 25148 25148 log_tee.cpp:125] [2024-12-12T05:31:19.297591760+00:00 INFO  disk] disk size 20480,
crosvm D 12-12 05:31:19 25148 25148 log_tee.cpp:125] crosvm I 12-12 05:31:19 25154 25154 :218] disk size 20480,
crosvm D 12-12 05:31:19 25148 25148 log_tee.cpp:125] [2024-12-12T05:31:19.297640296+00:00 INFO  disk] Disk image file is hosted on file system type ef53
crosvm D 12-12 05:31:19 25148 25148 log_tee.cpp:125] crosvm I 12-12 05:31:19 25154 25154 :207] Disk image file is hosted on file system type ef53
crosvm D 12-12 05:31:19 25148 25148 log_tee.cpp:125] [2024-12-12T05:31:19.297685407+00:00 INFO  disk] disk size 1048576,
crosvm D 12-12 05:31:19 25148 25148 log_tee.cpp:125] crosvm I 12-12 05:31:19 25154 25154 :218] disk size 1048576,
crosvm D 12-12 05:31:19 25148 25148 log_tee.cpp:125] [2024-12-12T05:31:19.297709777+00:00 INFO  disk] Disk image file is hosted on file system type ef53
crosvm D 12-12 05:31:19 25148 25148 log_tee.cpp:125] crosvm I 12-12 05:31:19 25154 25154 :207] Disk image file is hosted on file system type ef53
crosvm D 12-12 05:31:19 25148 25148 log_tee.cpp:125] [2024-12-12T05:31:19.297750517+00:00 INFO  disk] disk size 67108864,
crosvm D 12-12 05:31:19 25148 25148 log_tee.cpp:125] crosvm I 12-12 05:31:19 25154 25154 :218] disk size 67108864,
crosvm D 12-12 05:31:19 25148 25148 log_tee.cpp:125] [2024-12-12T05:31:19.297778295+00:00 INFO  disk] Disk image file is hosted on file system type ef53
crosvm D 12-12 05:31:19 25148 25148 log_tee.cpp:125] crosvm I 12-12 05:31:19 25154 25154 :207] Disk image file is hosted on file system type ef53
crosvm D 12-12 05:31:19 25148 25148 log_tee.cpp:125] [2024-12-12T05:31:19.297816813+00:00 INFO  disk] disk size 67108864,
crosvm D 12-12 05:31:19 25148 25148 log_tee.cpp:125] crosvm I 12-12 05:31:19 25154 25154 :218] disk size 67108864,
crosvm D 12-12 05:31:19 25148 25148 log_tee.cpp:125] [2024-12-12T05:31:19.297840683+00:00 INFO  disk] Disk image file is hosted on file system type ef53
crosvm D 12-12 05:31:19 25148 25148 log_tee.cpp:125] crosvm I 12-12 05:31:19 25154 25154 :207] Disk image file is hosted on file system type ef53
crosvm D 12-12 05:31:19 25148 25148 log_tee.cpp:125] [2024-12-12T05:31:19.297879553+00:00 INFO  disk] disk size 8388608,
crosvm D 12-12 05:31:19 25148 25148 log_tee.cpp:125] crosvm I 12-12 05:31:19 25154 25154 :218] disk size 8388608,
crosvm D 12-12 05:31:19 25148 25148 log_tee.cpp:125] [2024-12-12T05:31:19.297903923+00:00 INFO  disk] Disk image file is hosted on file system type ef53
crosvm D 12-12 05:31:19 25148 25148 log_tee.cpp:125] crosvm I 12-12 05:31:19 25154 25154 :207] Disk image file is hosted on file system type ef53
crosvm D 12-12 05:31:19 25148 25148 log_tee.cpp:125] [2024-12-12T05:31:19.297947923+00:00 INFO  disk] disk size 8388608,
crosvm D 12-12 05:31:19 25148 25148 log_tee.cpp:125] crosvm I 12-12 05:31:19 25154 25154 :218] disk size 8388608,
crosvm D 12-12 05:31:19 25148 25148 log_tee.cpp:125] [2024-12-12T05:31:19.297971497+00:00 INFO  disk] Disk image file is hosted on file system type ef53
crosvm D 12-12 05:31:19 25148 25148 log_tee.cpp:125] crosvm I 12-12 05:31:19 25154 25154 :207] Disk image file is hosted on file system type ef53
crosvm D 12-12 05:31:19 25148 25148 log_tee.cpp:125] [2024-12-12T05:31:19.298006385+00:00 INFO  disk] disk size 67108864,
crosvm D 12-12 05:31:19 25148 25148 log_tee.cpp:125] crosvm I 12-12 05:31:19 25154 25154 :218] disk size 67108864,
crosvm D 12-12 05:31:19 25148 25148 log_tee.cpp:125] [2024-12-12T05:31:19.298029867+00:00 INFO  disk] Disk image file is hosted on file system type ef53
crosvm D 12-12 05:31:19 25148 25148 log_tee.cpp:125] crosvm I 12-12 05:31:19 25154 25154 :207] Disk image file is hosted on file system type ef53
crosvm D 12-12 05:31:19 25148 25148 log_tee.cpp:125] [2024-12-12T05:31:19.298068459+00:00 INFO  disk] disk size 67108864,
crosvm D 12-12 05:31:19 25148 25148 log_tee.cpp:125] crosvm I 12-12 05:31:19 25154 25154 :218] disk size 67108864,
crosvm D 12-12 05:31:19 25148 25148 log_tee.cpp:125] [2024-12-12T05:31:19.298107088+00:00 INFO  disk] Disk image file is hosted on file system type ef53
crosvm D 12-12 05:31:19 25148 25148 log_tee.cpp:125] crosvm I 12-12 05:31:19 25154 25154 :207] Disk image file is hosted on file system type ef53
crosvm D 12-12 05:31:19 25148 25148 log_tee.cpp:125] [2024-12-12T05:31:19.298145625+00:00 INFO  disk] disk size 65536,
crosvm D 12-12 05:31:19 25148 25148 log_tee.cpp:125] crosvm I 12-12 05:31:19 25154 25154 :218] disk size 65536,
crosvm D 12-12 05:31:19 25148 25148 log_tee.cpp:125] [2024-12-12T05:31:19.298170587+00:00 INFO  disk] Disk image file is hosted on file system type ef53
crosvm D 12-12 05:31:19 25148 25148 log_tee.cpp:125] crosvm I 12-12 05:31:19 25154 25154 :207] Disk image file is hosted on file system type ef53
crosvm D 12-12 05:31:19 25148 25148 log_tee.cpp:125] [2024-12-12T05:31:19.298209883+00:00 INFO  disk] disk size 65536,
crosvm D 12-12 05:31:19 25148 25148 log_tee.cpp:125] crosvm I 12-12 05:31:19 25154 25154 :218] disk size 65536,
crosvm D 12-12 05:31:19 25148 25148 log_tee.cpp:125] [2024-12-12T05:31:19.298232216+00:00 INFO  disk] Disk image file is hosted on file system type ef53
crosvm D 12-12 05:31:19 25148 25148 log_tee.cpp:125] crosvm I 12-12 05:31:19 25154 25154 :207] Disk image file is hosted on file system type ef53
crosvm D 12-12 05:31:19 25148 25148 log_tee.cpp:125] [2024-12-12T05:31:19.298270235+00:00 INFO  disk] disk size 65536,
crosvm D 12-12 05:31:19 25148 25148 log_tee.cpp:125] crosvm I 12-12 05:31:19 25154 25154 :218] disk size 65536,
crosvm D 12-12 05:31:19 25148 25148 log_tee.cpp:125] [2024-12-12T05:31:19.298293494+00:00 INFO  disk] Disk image file is hosted on file system type ef53
crosvm D 12-12 05:31:19 25148 25148 log_tee.cpp:125] crosvm I 12-12 05:31:19 25154 25154 :207] Disk image file is hosted on file system type ef53
crosvm D 12-12 05:31:19 25148 25148 log_tee.cpp:125] [2024-12-12T05:31:19.298331216+00:00 INFO  disk] disk size 65536,
crosvm D 12-12 05:31:19 25148 25148 log_tee.cpp:125] crosvm I 12-12 05:31:19 25154 25154 :218] disk size 65536,
crosvm D 12-12 05:31:19 25148 25148 log_tee.cpp:125] [2024-12-12T05:31:19.298354567+00:00 INFO  disk] Disk image file is hosted on file system type ef53
crosvm D 12-12 05:31:19 25148 25148 log_tee.cpp:125] crosvm I 12-12 05:31:19 25154 25154 :207] Disk image file is hosted on file system type ef53
crosvm D 12-12 05:31:19 25148 25148 log_tee.cpp:125] [2024-12-12T05:31:19.298391733+00:00 INFO  disk] disk size 65536,
crosvm D 12-12 05:31:19 25148 25148 log_tee.cpp:125] crosvm I 12-12 05:31:19 25154 25154 :218] disk size 65536,
crosvm D 12-12 05:31:19 25148 25148 log_tee.cpp:125] [2024-12-12T05:31:19.298415141+00:00 INFO  disk] Disk image file is hosted on file system type ef53
crosvm D 12-12 05:31:19 25148 25148 log_tee.cpp:125] crosvm I 12-12 05:31:19 25154 25154 :207] Disk image file is hosted on file system type ef53
crosvm D 12-12 05:31:19 25148 25148 log_tee.cpp:125] [2024-12-12T05:31:19.298452270+00:00 INFO  disk] disk size 65536,
crosvm D 12-12 05:31:19 25148 25148 log_tee.cpp:125] crosvm I 12-12 05:31:19 25154 25154 :218] disk size 65536,
crosvm D 12-12 05:31:19 25148 25148 log_tee.cpp:125] [2024-12-12T05:31:19.298481973+00:00 INFO  disk] Disk image file is hosted on file system type ef53
crosvm D 12-12 05:31:19 25148 25148 log_tee.cpp:125] crosvm I 12-12 05:31:19 25154 25154 :207] Disk image file is hosted on file system type ef53
crosvm D 12-12 05:31:19 25148 25148 log_tee.cpp:125] [2024-12-12T05:31:19.298517140+00:00 INFO  disk] disk size 7516192768,
crosvm D 12-12 05:31:19 25148 25148 log_tee.cpp:125] crosvm I 12-12 05:31:19 25154 25154 :218] disk size 7516192768,
crosvm D 12-12 05:31:19 25148 25148 log_tee.cpp:125] [2024-12-12T05:31:19.298539602+00:00 INFO  disk] Disk image file is hosted on file system type ef53
crosvm D 12-12 05:31:19 25148 25148 log_tee.cpp:125] crosvm I 12-12 05:31:19 25154 25154 :207] Disk image file is hosted on file system type ef53
crosvm D 12-12 05:31:19 25148 25148 log_tee.cpp:125] [2024-12-12T05:31:19.298659249+00:00 INFO  disk] disk size 6442450944,
crosvm D 12-12 05:31:19 25148 25148 log_tee.cpp:125] crosvm I 12-12 05:31:19 25154 25154 :218] disk size 6442450944,
crosvm D 12-12 05:31:19 25148 25148 log_tee.cpp:125] [2024-12-12T05:31:19.298686360+00:00 INFO  disk] Disk image file is hosted on file system type ef53
crosvm D 12-12 05:31:19 25148 25148 log_tee.cpp:125] crosvm I 12-12 05:31:19 25154 25154 :207] Disk image file is hosted on file system type ef53
crosvm D 12-12 05:31:19 25148 25148 log_tee.cpp:125] [2024-12-12T05:31:19.298726508+00:00 INFO  disk] disk size 67108864,
crosvm D 12-12 05:31:19 25148 25148 log_tee.cpp:125] crosvm I 12-12 05:31:19 25154 25154 :218] disk size 67108864,
crosvm D 12-12 05:31:19 25148 25148 log_tee.cpp:125] [2024-12-12T05:31:19.298749878+00:00 INFO  disk] Disk image file is hosted on file system type ef53
crosvm D 12-12 05:31:19 25148 25148 log_tee.cpp:125] crosvm I 12-12 05:31:19 25154 25154 :207] Disk image file is hosted on file system type ef53
crosvm D 12-12 05:31:19 25148 25148 log_tee.cpp:125] [2024-12-12T05:31:19.298803674+00:00 INFO  disk] disk size 45056,
crosvm D 12-12 05:31:19 25148 25148 log_tee.cpp:125] crosvm I 12-12 05:31:19 25154 25154 :218] disk size 45056,
crosvm D 12-12 05:31:19 25148 25148 log_tee.cpp:125] [2024-12-12T05:31:19.298833766+00:00 INFO  disk] Disk image file is hosted on file system type ef53
crosvm D 12-12 05:31:19 25148 25148 log_tee.cpp:125] crosvm I 12-12 05:31:19 25154 25154 :207] Disk image file is hosted on file system type ef53
wmediumd D 12-12 05:31:19 25143 25143 log_tee.cpp:125] Input configuration file: /cf/cuttlefish/instances/cvd-1/internal/wmediumd.cfg
wmediumd D 12-12 05:31:19 25143 25143 log_tee.cpp:125] #_if = 130
wmediumd D 12-12 05:31:19 25143 25143 log_tee.cpp:125] Added station 0: 42:00:00:00:00:00
wmediumd D 12-12 05:31:19 25143 25143 log_tee.cpp:125] Added station 1: 42:00:00:00:01:00
wmediumd D 12-12 05:31:19 25143 25143 log_tee.cpp:125] Added station 2: 02:15:b2:00:00:00
wmediumd D 12-12 05:31:19 25143 25143 log_tee.cpp:125] Added station 3: 02:15:b2:00:01:00
wmediumd D 12-12 05:31:19 25143 25143 log_tee.cpp:125] Added station 4: 02:15:b3:00:00:00
wmediumd D 12-12 05:31:19 25143 25143 log_tee.cpp:125] Added station 5: 02:15:b3:00:01:00
wmediumd D 12-12 05:31:19 25143 25143 log_tee.cpp:125] Added station 6: 02:15:b4:00:00:00
wmediumd D 12-12 05:31:19 25143 25143 log_tee.cpp:125] Added station 7: 02:15:b4:00:01:00
wmediumd D 12-12 05:31:19 25143 25143 log_tee.cpp:125] Added station 8: 02:15:b5:00:00:00
wmediumd D 12-12 05:31:19 25143 25143 log_tee.cpp:125] Added station 9: 02:15:b5:00:01:00
wmediumd D 12-12 05:31:19 25143 25143 log_tee.cpp:125] Added station 10: 02:15:b6:00:00:00
wmediumd D 12-12 05:31:19 25143 25143 log_tee.cpp:125] Added station 11: 02:15:b6:00:01:00
wmediumd D 12-12 05:31:19 25143 25143 log_tee.cpp:125] Added station 12: 02:15:b7:00:00:00
wmediumd D 12-12 05:31:19 25143 25143 log_tee.cpp:125] Added station 13: 02:15:b7:00:01:00
wmediumd D 12-12 05:31:19 25143 25143 log_tee.cpp:125] Added station 14: 02:15:b8:00:00:00
wmediumd D 12-12 05:31:19 25143 25143 log_tee.cpp:125] Added station 15: 02:15:b8:00:01:00
wmediumd D 12-12 05:31:19 25143 25143 log_tee.cpp:125] Added station 16: 02:15:b9:00:00:00
wmediumd D 12-12 05:31:19 25143 25143 log_tee.cpp:125] Added station 17: 02:15:b9:00:01:00
wmediumd D 12-12 05:31:19 25143 25143 log_tee.cpp:125] Added station 18: 02:15:ba:00:00:00
wmediumd D 12-12 05:31:19 25143 25143 log_tee.cpp:125] Added station 19: 02:15:ba:00:01:00
wmediumd D 12-12 05:31:19 25143 25143 log_tee.cpp:125] Added station 20: 02:15:bb:00:00:00
wmediumd D 12-12 05:31:19 25143 25143 log_tee.cpp:125] Added station 21: 02:15:bb:00:01:00
wmediumd D 12-12 05:31:19 25143 25143 log_tee.cpp:125] Added station 22: 02:15:bc:00:00:00
wmediumd D 12-12 05:31:19 25143 25143 log_tee.cpp:125] Added station 23: 02:15:bc:00:01:00
wmediumd D 12-12 05:31:19 25143 25143 log_tee.cpp:125] Added station 24: 02:15:bd:00:00:00
wmediumd D 12-12 05:31:19 25143 25143 log_tee.cpp:125] Added station 25: 02:15:bd:00:01:00
wmediumd D 12-12 05:31:19 25143 25143 log_tee.cpp:125] Added station 26: 02:15:be:00:00:00
wmediumd D 12-12 05:31:19 25143 25143 log_tee.cpp:125] Added station 27: 02:15:be:00:01:00
wmediumd D 12-12 05:31:19 25143 25143 log_tee.cpp:125] Added station 28: 02:15:bf:00:00:00
wmediumd D 12-12 05:31:19 25143 25143 log_tee.cpp:125] Added station 29: 02:15:bf:00:01:00
wmediumd D 12-12 05:31:19 25143 25143 log_tee.cpp:125] Added station 30: 02:15:c0:00:00:00
wmediumd D 12-12 05:31:19 25143 25143 log_tee.cpp:125] Added station 31: 02:15:c0:00:01:00
wmediumd D 12-12 05:31:19 25143 25143 log_tee.cpp:125] Added station 32: 02:15:c1:00:00:00
wmediumd D 12-12 05:31:19 25143 25143 log_tee.cpp:125] Added station 33: 02:15:c1:00:01:00
wmediumd D 12-12 05:31:19 25143 25143 log_tee.cpp:125] Added station 34: 02:15:c2:00:00:00
wmediumd D 12-12 05:31:19 25143 25143 log_tee.cpp:125] Added station 35: 02:15:c2:00:01:00
wmediumd D 12-12 05:31:19 25143 25143 log_tee.cpp:125] Added station 36: 02:15:c3:00:00:00
wmediumd D 12-12 05:31:19 25143 25143 log_tee.cpp:125] Added station 37: 02:15:c3:00:01:00
wmediumd D 12-12 05:31:19 25143 25143 log_tee.cpp:125] Added station 38: 02:15:c4:00:00:00
wmediumd D 12-12 05:31:19 25143 25143 log_tee.cpp:125] Added station 39: 02:15:c4:00:01:00
wmediumd D 12-12 05:31:19 25143 25143 log_tee.cpp:125] Added station 40: 02:15:c5:00:00:00
wmediumd D 12-12 05:31:19 25143 25143 log_tee.cpp:125] Added station 41: 02:15:c5:00:01:00
wmediumd D 12-12 05:31:19 25143 25143 log_tee.cpp:125] Added station 42: 02:15:c6:00:00:00
wmediumd D 12-12 05:31:19 25143 25143 log_tee.cpp:125] Added station 43: 02:15:c6:00:01:00
wmediumd D 12-12 05:31:19 25143 25143 log_tee.cpp:125] Added station 44: 02:15:c7:00:00:00
wmediumd D 12-12 05:31:19 25143 25143 log_tee.cpp:125] Added station 45: 02:15:c7:00:01:00
wmediumd D 12-12 05:31:19 25143 25143 log_tee.cpp:125] Added station 46: 02:15:c8:00:00:00
wmediumd D 12-12 05:31:19 25143 25143 log_tee.cpp:125] Added station 47: 02:15:c8:00:01:00
wmediumd D 12-12 05:31:19 25143 25143 log_tee.cpp:125] Added station 48: 02:15:c9:00:00:00
wmediumd D 12-12 05:31:19 25143 25143 log_tee.cpp:125] Added station 49: 02:15:c9:00:01:00
wmediumd D 12-12 05:31:19 25143 25143 log_tee.cpp:125] Added station 50: 02:15:ca:00:00:00
wmediumd D 12-12 05:31:19 25143 25143 log_tee.cpp:125] Added station 51: 02:15:ca:00:01:00
wmediumd D 12-12 05:31:19 25143 25143 log_tee.cpp:125] Added station 52: 02:15:cb:00:00:00
wmediumd D 12-12 05:31:19 25143 25143 log_tee.cpp:125] Added station 53: 02:15:cb:00:01:00
wmediumd D 12-12 05:31:19 25143 25143 log_tee.cpp:125] Added station 54: 02:15:cc:00:00:00
wmediumd D 12-12 05:31:19 25143 25143 log_tee.cpp:125] Added station 55: 02:15:cc:00:01:00
wmediumd D 12-12 05:31:19 25143 25143 log_tee.cpp:125] Added station 56: 02:15:cd:00:00:00
wmediumd D 12-12 05:31:19 25143 25143 log_tee.cpp:125] Added station 57: 02:15:cd:00:01:00
wmediumd D 12-12 05:31:19 25143 25143 log_tee.cpp:125] Added station 58: 02:15:ce:00:00:00
wmediumd D 12-12 05:31:19 25143 25143 log_tee.cpp:125] Added station 59: 02:15:ce:00:01:00
wmediumd D 12-12 05:31:19 25143 25143 log_tee.cpp:125] Added station 60: 02:15:cf:00:00:00
wmediumd D 12-12 05:31:19 25143 25143 log_tee.cpp:125] Added station 61: 02:15:cf:00:01:00
wmediumd D 12-12 05:31:19 25143 25143 log_tee.cpp:125] Added station 62: 02:15:d0:00:00:00
wmediumd D 12-12 05:31:19 25143 25143 log_tee.cpp:125] Added station 63: 02:15:d0:00:01:00
wmediumd D 12-12 05:31:19 25143 25143 log_tee.cpp:125] Added station 64: 02:15:d1:00:00:00
wmediumd D 12-12 05:31:19 25143 25143 log_tee.cpp:125] Added station 65: 02:15:d1:00:01:00
wmediumd D 12-12 05:31:19 25143 25143 log_tee.cpp:125] Added station 66: 02:15:d2:00:00:00
wmediumd D 12-12 05:31:19 25143 25143 log_tee.cpp:125] Added station 67: 02:15:d2:00:01:00
wmediumd D 12-12 05:31:19 25143 25143 log_tee.cpp:125] Added station 68: 02:15:d3:00:00:00
wmediumd D 12-12 05:31:19 25143 25143 log_tee.cpp:125] Added station 69: 02:15:d3:00:01:00
wmediumd D 12-12 05:31:19 25143 25143 log_tee.cpp:125] Added station 70: 02:15:d4:00:00:00
wmediumd D 12-12 05:31:19 25143 25143 log_tee.cpp:125] Added station 71: 02:15:d4:00:01:00
wmediumd D 12-12 05:31:19 25143 25143 log_tee.cpp:125] Added station 72: 02:15:d5:00:00:00
wmediumd D 12-12 05:31:19 25143 25143 log_tee.cpp:125] Added station 73: 02:15:d5:00:01:00
wmediumd D 12-12 05:31:19 25143 25143 log_tee.cpp:125] Added station 74: 02:15:d6:00:00:00
wmediumd D 12-12 05:31:19 25143 25143 log_tee.cpp:125] Added station 75: 02:15:d6:00:01:00
wmediumd D 12-12 05:31:19 25143 25143 log_tee.cpp:125] Added station 76: 02:15:d7:00:00:00
wmediumd D 12-12 05:31:19 25143 25143 log_tee.cpp:125] Added station 77: 02:15:d7:00:01:00
wmediumd D 12-12 05:31:19 25143 25143 log_tee.cpp:125] Added station 78: 02:15:d8:00:00:00
wmediumd D 12-12 05:31:19 25143 25143 log_tee.cpp:125] Added station 79: 02:15:d8:00:01:00
wmediumd D 12-12 05:31:19 25143 25143 log_tee.cpp:125] Added station 80: 02:15:d9:00:00:00
wmediumd D 12-12 05:31:19 25143 25143 log_tee.cpp:125] Added station 81: 02:15:d9:00:01:00
wmediumd D 12-12 05:31:19 25143 25143 log_tee.cpp:125] Added station 82: 02:15:da:00:00:00
wmediumd D 12-12 05:31:19 25143 25143 log_tee.cpp:125] Added station 83: 02:15:da:00:01:00
wmediumd D 12-12 05:31:19 25143 25143 log_tee.cpp:125] Added station 84: 02:15:db:00:00:00
wmediumd D 12-12 05:31:19 25143 25143 log_tee.cpp:125] Added station 85: 02:15:db:00:01:00
wmediumd D 12-12 05:31:19 25143 25143 log_tee.cpp:125] Added station 86: 02:15:dc:00:00:00
wmediumd D 12-12 05:31:19 25143 25143 log_tee.cpp:125] Added station 87: 02:15:dc:00:01:00
wmediumd D 12-12 05:31:19 25143 25143 log_tee.cpp:125] Added station 88: 02:15:dd:00:00:00
wmediumd D 12-12 05:31:19 25143 25143 log_tee.cpp:125] Added station 89: 02:15:dd:00:01:00
wmediumd D 12-12 05:31:19 25143 25143 log_tee.cpp:125] Added station 90: 02:15:de:00:00:00
wmediumd D 12-12 05:31:19 25143 25143 log_tee.cpp:125] Added station 91: 02:15:de:00:01:00
wmediumd D 12-12 05:31:19 25143 25143 log_tee.cpp:125] Added station 92: 02:15:df:00:00:00
wmediumd D 12-12 05:31:19 25143 25143 log_tee.cpp:125] Added station 93: 02:15:df:00:01:00
wmediumd D 12-12 05:31:19 25143 25143 log_tee.cpp:125] Added station 94: 02:15:e0:00:00:00
wmediumd D 12-12 05:31:19 25143 25143 log_tee.cpp:125] Added station 95: 02:15:e0:00:01:00
wmediumd D 12-12 05:31:19 25143 25143 log_tee.cpp:125] Added station 96: 02:15:e1:00:00:00
wmediumd D 12-12 05:31:19 25143 25143 log_tee.cpp:125] Added station 97: 02:15:e1:00:01:00
wmediumd D 12-12 05:31:19 25143 25143 log_tee.cpp:125] Added station 98: 02:15:e2:00:00:00
wmediumd D 12-12 05:31:19 25143 25143 log_tee.cpp:125] Added station 99: 02:15:e2:00:01:00
wmediumd D 12-12 05:31:19 25143 25143 log_tee.cpp:125] Added station 100: 02:15:e3:00:00:00
wmediumd D 12-12 05:31:19 25143 25143 log_tee.cpp:125] Added station 101: 02:15:e3:00:01:00
wmediumd D 12-12 05:31:19 25143 25143 log_tee.cpp:125] Added station 102: 02:15:e4:00:00:00
wmediumd D 12-12 05:31:19 25143 25143 log_tee.cpp:125] Added station 103: 02:15:e4:00:01:00
wmediumd D 12-12 05:31:19 25143 25143 log_tee.cpp:125] Added station 104: 02:15:e5:00:00:00
wmediumd D 12-12 05:31:19 25143 25143 log_tee.cpp:125] Added station 105: 02:15:e5:00:01:00
wmediumd D 12-12 05:31:19 25143 25143 log_tee.cpp:125] Added station 106: 02:15:e6:00:00:00
wmediumd D 12-12 05:31:19 25143 25143 log_tee.cpp:125] Added station 107: 02:15:e6:00:01:00
wmediumd D 12-12 05:31:19 25143 25143 log_tee.cpp:125] Added station 108: 02:15:e7:00:00:00
wmediumd D 12-12 05:31:19 25143 25143 log_tee.cpp:125] Added station 109: 02:15:e7:00:01:00
wmediumd D 12-12 05:31:19 25143 25143 log_tee.cpp:125] Added station 110: 02:15:e8:00:00:00
wmediumd D 12-12 05:31:19 25143 25143 log_tee.cpp:125] Added station 111: 02:15:e8:00:01:00
wmediumd D 12-12 05:31:19 25143 25143 log_tee.cpp:125] Added station 112: 02:15:e9:00:00:00
wmediumd D 12-12 05:31:19 25143 25143 log_tee.cpp:125] Added station 113: 02:15:e9:00:01:00
wmediumd D 12-12 05:31:19 25143 25143 log_tee.cpp:125] Added station 114: 02:15:ea:00:00:00
wmediumd D 12-12 05:31:19 25143 25143 log_tee.cpp:125] Added station 115: 02:15:ea:00:01:00
wmediumd D 12-12 05:31:19 25143 25143 log_tee.cpp:125] Added station 116: 02:15:eb:00:00:00
wmediumd D 12-12 05:31:19 25143 25143 log_tee.cpp:125] Added station 117: 02:15:eb:00:01:00
wmediumd D 12-12 05:31:19 25143 25143 log_tee.cpp:125] Added station 118: 02:15:ec:00:00:00
wmediumd D 12-12 05:31:19 25143 25143 log_tee.cpp:125] Added station 119: 02:15:ec:00:01:00
wmediumd D 12-12 05:31:19 25143 25143 log_tee.cpp:125] Added station 120: 02:15:ed:00:00:00
wmediumd D 12-12 05:31:19 25143 25143 log_tee.cpp:125] Added station 121: 02:15:ed:00:01:00
wmediumd D 12-12 05:31:19 25143 25143 log_tee.cpp:125] Added station 122: 02:15:ee:00:00:00
wmediumd D 12-12 05:31:19 25143 25143 log_tee.cpp:125] Added station 123: 02:15:ee:00:01:00
wmediumd D 12-12 05:31:19 25143 25143 log_tee.cpp:125] Added station 124: 02:15:ef:00:00:00
wmediumd D 12-12 05:31:19 25143 25143 log_tee.cpp:125] Added station 125: 02:15:ef:00:01:00
wmediumd D 12-12 05:31:19 25143 25143 log_tee.cpp:125] Added station 126: 02:15:f0:00:00:00
wmediumd D 12-12 05:31:19 25143 25143 log_tee.cpp:125] Added station 127: 02:15:f0:00:01:00
wmediumd D 12-12 05:31:19 25143 25143 log_tee.cpp:125] Added station 128: 02:15:f1:00:00:00
wmediumd D 12-12 05:31:19 25143 25143 log_tee.cpp:125] Added station 129: 02:15:f1:00:01:00
crosvm D 12-12 05:31:19 25148 25148 log_tee.cpp:125] [2024-12-12T05:31:19.332336044+00:00 INFO  crosvm::crosvm::sys::unix::device_helpers] Trying to attach block device: /cf/cuttlefish/instances/cvd-1/persistent_composite.img
crosvm D 12-12 05:31:19 25148 25148 log_tee.cpp:125] crosvm I 12-12 05:31:19 25154 25154 :221] Trying to attach block device: /cf/cuttlefish/instances/cvd-1/persistent_composite.img
crosvm D 12-12 05:31:19 25148 25148 log_tee.cpp:125] [2024-12-12T05:31:19.332488746+00:00 INFO  disk] disk size 407,
crosvm D 12-12 05:31:19 25148 25148 log_tee.cpp:125] crosvm I 12-12 05:31:19 25154 25154 :218] disk size 407,
crosvm D 12-12 05:31:19 25148 25148 log_tee.cpp:125] [2024-12-12T05:31:19.332520413+00:00 INFO  disk] Disk image file is hosted on file system type ef53
crosvm D 12-12 05:31:19 25148 25148 log_tee.cpp:125] crosvm I 12-12 05:31:19 25154 25154 :207] Disk image file is hosted on file system type ef53
crosvm D 12-12 05:31:19 25148 25148 log_tee.cpp:125] [2024-12-12T05:31:19.332603560+00:00 INFO  disk] disk size 20480,
crosvm D 12-12 05:31:19 25148 25148 log_tee.cpp:125] crosvm I 12-12 05:31:19 25154 25154 :218] disk size 20480,
crosvm D 12-12 05:31:19 25148 25148 log_tee.cpp:125] [2024-12-12T05:31:19.332628282+00:00 INFO  disk] Disk image file is hosted on file system type ef53
crosvm D 12-12 05:31:19 25148 25148 log_tee.cpp:125] crosvm I 12-12 05:31:19 25154 25154 :207] Disk image file is hosted on file system type ef53
metrics I 12-12 05:31:19 25135 25135 metrics.cc:73] Metrics started
metrics I 12-12 05:31:19 25135 25174 host_receiver.cc:65] Metrics host received: VMStart
crosvm D 12-12 05:31:19 25148 25148 log_tee.cpp:125] [2024-12-12T05:31:19.405352284+00:00 INFO  disk] disk size 73728,
crosvm D 12-12 05:31:19 25148 25148 log_tee.cpp:125] crosvm I 12-12 05:31:19 25154 25154 :218] disk size 73728,
crosvm D 12-12 05:31:19 25148 25148 log_tee.cpp:125] [2024-12-12T05:31:19.405441617+00:00 INFO  disk] Disk image file is hosted on file system type ef53
crosvm D 12-12 05:31:19 25148 25148 log_tee.cpp:125] crosvm I 12-12 05:31:19 25154 25154 :207] Disk image file is hosted on file system type ef53
crosvm D 12-12 05:31:19 25148 25148 log_tee.cpp:125] [2024-12-12T05:31:19.405486968+00:00 INFO  disk] disk size 65536,
crosvm D 12-12 05:31:19 25148 25148 log_tee.cpp:125] crosvm I 12-12 05:31:19 25154 25154 :218] disk size 65536,
crosvm D 12-12 05:31:19 25148 25148 log_tee.cpp:125] [2024-12-12T05:31:19.405509820+00:00 INFO  disk] Disk image file is hosted on file system type ef53
crosvm D 12-12 05:31:19 25148 25148 log_tee.cpp:125] crosvm I 12-12 05:31:19 25154 25154 :207] Disk image file is hosted on file system type ef53
metrics E 12-12 05:31:19 25135 25174 utils.cc:245] Metrics message failed: [
22X E 12-12 05:31:19 25135 25174 utils.cc:245]
metrics E 12-12 05:31:19 25135 25174 utils.cc:245]
                                                  *1
                                                         (26.6.62+rpt-rpi-v88"@RGOOGLE28959810593573055388 2*CUTTLEFISH_METRICS]
metrics E 12-12 05:31:19 25135 25174 utils.cc:246] http error code: 0
metrics E 12-12 05:31:19 25135 25174 utils.cc:248] curl error code: 6 | Couldn't resolve host name
metrics E 12-12 05:31:19 25135 25174 host_receiver.cc:77] Message failed to send to ClearCut: VMStart
Server listening on unix:/tmp/cf_avd_0/cvd-1/grpc_socket/EchoServer.sock
Server listening on 0.0.0.0:7200
wmediumd D 12-12 05:31:19 25143 25143 log_tee.cpp:125] Server listening on unix:/tmp/cf_avd_0/cvd-1/grpc_socket/WmediumdServer.sock
Server listening on unix:/tmp/cf_avd_0/cvd-1/grpc_socket/OpenwrtControlServer.sock
crosvm D 12-12 05:31:19 25148 25148 log_tee.cpp:125] [2024-12-12T05:31:19.638700943+00:00 INFO  disk] disk size 1048576,
crosvm D 12-12 05:31:19 25148 25148 log_tee.cpp:125] crosvm I 12-12 05:31:19 25154 25154 :218] disk size 1048576,
crosvm D 12-12 05:31:19 25148 25148 log_tee.cpp:125] [2024-12-12T05:31:19.638797683+00:00 INFO  disk] Disk image file is hosted on file system type ef53
crosvm D 12-12 05:31:19 25148 25148 log_tee.cpp:125] crosvm I 12-12 05:31:19 25154 25154 :207] Disk image file is hosted on file system type ef53
crosvm D 12-12 05:31:19 25148 25148 log_tee.cpp:125] [2024-12-12T05:31:19.638866516+00:00 INFO  disk] disk size 73728,
crosvm D 12-12 05:31:19 25148 25148 log_tee.cpp:125] crosvm I 12-12 05:31:19 25154 25154 :218] disk size 73728,
crosvm D 12-12 05:31:19 25148 25148 log_tee.cpp:125] [2024-12-12T05:31:19.638892164+00:00 INFO  disk] Disk image file is hosted on file system type ef53
crosvm D 12-12 05:31:19 25148 25148 log_tee.cpp:125] crosvm I 12-12 05:31:19 25154 25154 :207] Disk image file is hosted on file system type ef53
crosvm D 12-12 05:31:19 25148 25148 log_tee.cpp:125] [2024-12-12T05:31:19.638933645+00:00 INFO  disk] disk size 28672,
crosvm D 12-12 05:31:19 25148 25148 log_tee.cpp:125] crosvm I 12-12 05:31:19 25154 25154 :218] disk size 28672,
crosvm D 12-12 05:31:19 25148 25148 log_tee.cpp:125] [2024-12-12T05:31:19.638956237+00:00 INFO  disk] Disk image file is hosted on file system type ef53
crosvm D 12-12 05:31:19 25148 25148 log_tee.cpp:125] crosvm I 12-12 05:31:19 25154 25154 :207] Disk image file is hosted on file system type ef53
crosvm D 12-12 05:31:19 25148 25148 log_tee.cpp:125] [2024-12-12T05:31:19.639014088+00:00 INFO  crosvm::crosvm::sys::unix::device_helpers] Trying to attach block device: /cf/cuttlefish/instances/cvd-1/sdcard.img
crosvm D 12-12 05:31:19 25148 25148 log_tee.cpp:125] crosvm I 12-12 05:31:19 25154 25154 :221] Trying to attach block device: /cf/cuttlefish/instances/cvd-1/sdcard.img
crosvm D 12-12 05:31:19 25148 25148 log_tee.cpp:125] [2024-12-12T05:31:19.639057125+00:00 INFO  disk] disk size 2147483648,
crosvm D 12-12 05:31:19 25148 25148 log_tee.cpp:125] crosvm I 12-12 05:31:19 25154 25154 :218] disk size 2147483648,
crosvm D 12-12 05:31:19 25148 25148 log_tee.cpp:125] [2024-12-12T05:31:19.639079717+00:00 INFO  disk] Disk image file is hosted on file system type ef53
crosvm D 12-12 05:31:19 25148 25148 log_tee.cpp:125] crosvm I 12-12 05:31:19 25154 25154 :207] Disk image file is hosted on file system type ef53
tcp_connector E 12-12 05:31:19 25129 25167 main.cpp:81] failed to read from socket, retry.
rootcanal D 12-12 05:31:20 25139 25139 log_tee.cpp:125] root-canal I 12-12 05:31:20 25155 25155 device_boutique.cc:39] Registering beacon
rootcanal D 12-12 05:31:20 25139 25139 log_tee.cpp:125] root-canal I 12-12 05:31:20 25155 25155 device_boutique.cc:39] Registering beacon_swarm
rootcanal D 12-12 05:31:20 25139 25139 log_tee.cpp:125] root-canal I 12-12 05:31:20 25155 25155 device_boutique.cc:39] Registering scripted_beacon
rootcanal D 12-12 05:31:20 25139 25139 log_tee.cpp:125] root-canal I 12-12 05:31:20 25155 25155 device_boutique.cc:39] Registering sniffer
rootcanal D 12-12 05:31:20 25139 25139 log_tee.cpp:125] root-canal I 12-12 05:31:20 25155 25155 root_canal_main.cc:98] main
rootcanal D 12-12 05:31:20 25139 25139 log_tee.cpp:125] root-canal I 12-12 05:31:20 25155 25155 posix_async_socket_server.cc:79] Listening on: 7500 (4)
rootcanal D 12-12 05:31:20 25139 25139 log_tee.cpp:125] root-canal I 12-12 05:31:20 25155 25155 posix_async_socket_server.cc:79] Listening on: 7400 (5)
rootcanal D 12-12 05:31:20 25139 25139 log_tee.cpp:125] root-canal I 12-12 05:31:20 25155 25155 posix_async_socket_server.cc:79] Listening on: 7600 (6)
rootcanal D 12-12 05:31:20 25139 25139 log_tee.cpp:125] root-canal I 12-12 05:31:20 25155 25155 controller_properties.cc:1389] DELETE_STORED_LINK_KEY command validation failed (c121,excluded)
rootcanal D 12-12 05:31:20 25139 25139 log_tee.cpp:125] root-canal I 12-12 05:31:20 25155 25155 controller_properties.cc:1481] LE_RECEIVER_TEST_V2 command validation failed (excluded,c13)
rootcanal D 12-12 05:31:20 25139 25139 log_tee.cpp:125] root-canal I 12-12 05:31:20 25155 25155 controller_properties.cc:1511] LE_SET_DATA_RELATED_ADDRESS_CHANGES command validation failed (excluded,c10)
rootcanal D 12-12 05:31:20 25139 25139 log_tee.cpp:125] root-canal I 12-12 05:31:20 25155 25155 controller_properties.cc:1549] LE_TRANSMITTER_TEST_V2 command validation failed (excluded,c12)
rootcanal D 12-12 05:31:20 25139 25139 log_tee.cpp:125] root-canal I 12-12 05:31:20 25155 25155 controller_properties.cc:1641] REMOTE_NAME_REQUEST_CANCEL command validation failed (c106,excluded)
rootcanal D 12-12 05:31:20 25139 25139 log_tee.cpp:125] root-canal I 12-12 05:31:20 25155 25155 controller_properties.cc:1696] WRITE_DEFAULT_ERRONEOUS_DATA_REPORTING command validation failed (c135,excluded)
rootcanal D 12-12 05:31:20 25139 25139 log_tee.cpp:125] root-canal I 12-12 05:31:20 25155 25155 test_environment.cc:93] Opening an HCI with port 7300
rootcanal D 12-12 05:31:20 25139 25139 log_tee.cpp:125] root-canal I 12-12 05:31:20 25155 25155 posix_async_socket_server.cc:79] Listening on: 7300 (7)
rootcanal D 12-12 05:31:20 25139 25139 log_tee.cpp:125] root-canal I 12-12 05:31:20 25155 25155 test_environment.cc:138] Initialized barrier
rootcanal D 12-12 05:31:20 25139 25139 log_tee.cpp:125] root-canal I 12-12 05:31:20 25155 25155 test_command_handler.cc:113] Add beacon@be:ac:01:55:00:01
rootcanal D 12-12 05:31:20 25139 25139 log_tee.cpp:125] root-canal I 12-12 05:31:20 25155 25155 test_command_handler.cc:113] Add beacon@be:ac:01:55:00:02
rootcanal D 12-12 05:31:20 25139 25139 log_tee.cpp:125] root-canal I 12-12 05:31:20 25155 25155 test_model.cc:76] StartTimer()
rootcanal D 12-12 05:31:20 25139 25139 log_tee.cpp:125] root-canal I 12-12 05:31:20 25155 25155 test_environment.cc:252] Test channel SetUp() successful
rootcanal D 12-12 05:31:20 25139 25139 log_tee.cpp:125] root-canal I 12-12 05:31:20 25155 25155 test_environment.cc:172] initialize: Finished
webRTC I 12-12 05:31:20 25147 25197 wayland_server.cpp:77] WaylandServer running on socket 17
[2024/12/12 05:31:20:2413] N: lws_create_context: LWS: 4.3.0, NET CLI SRV H1 H2 WS ConMon IPv6-absent
[2024/12/12 05:31:20:2599] N: __lws_lc_tag:  ++ [wsi|0|pipe] (1)
[2024/12/12 05:31:20:2600] N: __lws_lc_tag:  ++ [vh|0|default|127.0.0.1|127.0.0.1|0] (1)
[2024/12/12 05:31:20:2718] N: [vh|0|default|127.0.0.1|127.0.0.1|0]: lws_socket_bind: source ads 127.0.0.1
[2024/12/12 05:31:20:2719] N: __lws_lc_tag:  ++ [wsi|1|listen|default|127.0.0.1|33139] (2)
(adm_helpers.cc:48): Unable to access speaker.
webRTC D 12-12 05:31:20 25147 25147 host_utils.h:77] ConfUI: HalInputLoopthread started.
webRTC D 12-12 05:31:20 25147 25147 host_utils.h:77] ConfUI: MainLoopthread started.
webRTC D 12-12 05:31:20 25147 25147 host_server.cc:104] ConfUI: host service started.
crosvm D 12-12 05:31:20 25148 25148 log_tee.cpp:125] [2024-12-12T05:31:20.748464775+00:00 INFO  devices::virtio::virtio_pci_device] virtio gpu read config register 0
crosvm D 12-12 05:31:20 25148 25148 log_tee.cpp:125] crosvm I 12-12 05:31:20 25154 25154 :767] virtio gpu read config register 0
kernel_log_monitor I 12-12 05:31:20 25134 25134 kernel_log_server.cc:132] GUEST_UBOOT_VERSION: 2023.01-21885-gb3cc1cd24d (Apr 13 2023 - 16:27:56 +0000)
kernel_log_monitor I 12-12 05:31:20 25134 25134 kernel_log_server.cc:139] U-Boot 20
crosvm D 12-12 05:31:20 25148 25148 log_tee.cpp:125] [2024-12-12T05:31:20.847630047+00:00 INFO  devices::virtio::virtio_pci_device] virtio gpu read config register 0
crosvm D 12-12 05:31:20 25148 25148 log_tee.cpp:125] crosvm I 12-12 05:31:20 25154 25214 :767] virtio gpu read config register 0
crosvm D 12-12 05:31:20 25148 25148 log_tee.cpp:125] [2024-12-12T05:31:20.847746620+00:00 INFO  devices::virtio::virtio_pci_device] virtio gpu read config register 3
crosvm D 12-12 05:31:20 25148 25148 log_tee.cpp:125] crosvm I 12-12 05:31:20 25154 25214 :767] virtio gpu read config register 3
crosvm D 12-12 05:31:20 25148 25148 log_tee.cpp:125] [2024-12-12T05:31:20.847784564+00:00 INFO  devices::virtio::virtio_pci_device] virtio gpu read config register 0
crosvm D 12-12 05:31:20 25148 25148 log_tee.cpp:125] crosvm I 12-12 05:31:20 25154 25214 :767] virtio gpu read config register 0
crosvm D 12-12 05:31:20 25148 25148 log_tee.cpp:125] [2024-12-12T05:31:20.847818563+00:00 INFO  devices::virtio::virtio_pci_device] virtio gpu read config register 2
crosvm D 12-12 05:31:20 25148 25148 log_tee.cpp:125] crosvm I 12-12 05:31:20 25154 25214 :767] virtio gpu read config register 2
crosvm D 12-12 05:31:20 25148 25148 log_tee.cpp:125] [2024-12-12T05:31:20.851102569+00:00 INFO  devices::virtio::virtio_pci_device] virtio gpu read config register 2
crosvm D 12-12 05:31:20 25148 25148 log_tee.cpp:125] crosvm I 12-12 05:31:20 25154 25214 :767] virtio gpu read config register 2
crosvm D 12-12 05:31:20 25148 25148 log_tee.cpp:125] [2024-12-12T05:31:20.851229179+00:00 INFO  devices::virtio::virtio_pci_device] virtio gpu read config register 1
crosvm D 12-12 05:31:20 25148 25148 log_tee.cpp:125] crosvm I 12-12 05:31:20 25154 25214 :767] virtio gpu read config register 1
crosvm D 12-12 05:31:20 25148 25148 log_tee.cpp:125] [2024-12-12T05:31:20.851264716+00:00 INFO  devices::virtio::virtio_pci_device] virtio gpu read config register 3
crosvm D 12-12 05:31:20 25148 25148 log_tee.cpp:125] crosvm I 12-12 05:31:20 25154 25214 :767] virtio gpu read config register 3
crosvm D 12-12 05:31:20 25148 25148 log_tee.cpp:125] [2024-12-12T05:31:20.851368789+00:00 INFO  devices::virtio::virtio_pci_device] virtio gpu read config register 1
crosvm D 12-12 05:31:20 25148 25148 log_tee.cpp:125] crosvm I 12-12 05:31:20 25154 25214 :767] virtio gpu read config register 1
crosvm D 12-12 05:31:20 25148 25148 log_tee.cpp:125] [2024-12-12T05:31:20.851404715+00:00 INFO  devices::virtio::virtio_pci_device] virtio gpu read config register 3
crosvm D 12-12 05:31:20 25148 25148 log_tee.cpp:125] crosvm I 12-12 05:31:20 25154 25214 :767] virtio gpu read config register 3
crosvm D 12-12 05:31:20 25148 25148 log_tee.cpp:125] [2024-12-12T05:31:20.851713193+00:00 INFO  devices::virtio::virtio_pci_device] virtio gpu read config register 4
crosvm D 12-12 05:31:20 25148 25148 log_tee.cpp:125] crosvm I 12-12 05:31:20 25154 25214 :767] virtio gpu read config register 4
crosvm D 12-12 05:31:20 25148 25148 log_tee.cpp:125] [2024-12-12T05:31:20.851748286+00:00 INFO  devices::virtio::virtio_pci_device] virtio gpu read config register 4
crosvm D 12-12 05:31:20 25148 25148 log_tee.cpp:125] crosvm I 12-12 05:31:20 25154 25214 :767] virtio gpu read config register 4
crosvm D 12-12 05:31:20 25148 25148 log_tee.cpp:125] [2024-12-12T05:31:20.851780656+00:00 INFO  devices::virtio::virtio_pci_device] virtio gpu read config register 1
crosvm D 12-12 05:31:20 25148 25148 log_tee.cpp:125] crosvm I 12-12 05:31:20 25154 25214 :767] virtio gpu read config register 1
crosvm D 12-12 05:31:20 25148 25148 log_tee.cpp:125] [2024-12-12T05:31:20.851812767+00:00 INFO  devices::virtio::virtio_pci_device] virtio gpu read config register 3
crosvm D 12-12 05:31:20 25148 25148 log_tee.cpp:125] crosvm I 12-12 05:31:20 25154 25214 :767] virtio gpu read config register 3
crosvm D 12-12 05:31:20 25148 25148 log_tee.cpp:125] [2024-12-12T05:31:20.852051820+00:00 INFO  devices::virtio::virtio_pci_device] virtio gpu read config register 4
crosvm D 12-12 05:31:20 25148 25148 log_tee.cpp:125] crosvm I 12-12 05:31:20 25154 25214 :767] virtio gpu read config register 4
rootcanal D 12-12 05:31:20 25139 25139 log_tee.cpp:125] root-canal I 12-12 05:31:20 25155 25192 posix_async_socket_server.cc:113] accept_fd = 10.
rootcanal D 12-12 05:31:20 25139 25139 log_tee.cpp:125] root-canal I 12-12 05:31:20 25155 25193 test_model.cc:212] Initialized device with address da:4c:10:de:17:02
secure_env D 12-12 05:31:22 25141 25141 in_process_tpm.cpp:122] Manufacturing TPM state
secure_env D 12-12 05:31:22 25141 25141 fragile_tpm_storage.cpp:39] Initializing secure index file
secure_env D 12-12 05:31:22 25141 25141 insecure_fallback_storage.cpp:39] Initializing secure index file
secure_env I 12-12 05:31:22 25141 25141 secure_env_linux_main.cpp:257] starting Rust KeyMint TA implementation in a thread
secure_env I 12-12 05:31:22 25141 25141 secure_env_linux_main.cpp:267] starting C++ KeyMint implementation in a thread with FDs in=72, out=71
secure_env D 12-12 05:31:22 25141 25246 secure_env_linux_main.cpp:121] secure_env detected guest reboot, restarting.
secure_env D 12-12 05:31:22 25141 25141 fragile_tpm_storage.cpp:39] Initializing secure index file
secure_env D 12-12 05:31:22 25141 25141 insecure_fallback_storage.cpp:39] Initializing secure index file
secure_env I 12-12 05:31:22 25141 25141 secure_env_linux_main.cpp:257] starting Rust KeyMint TA implementation in a thread
secure_env I 12-12 05:31:22 25141 25141 secure_env_linux_main.cpp:267] starting C++ KeyMint implementation in a thread with FDs in=72, out=71
secure_env::kmr_cf I 12-12 05:31:22 25141 25247 lib.rs:48] KeyMint Rust TA running with fd_in=78, fd_out=77, security_level=TrustedEnvironment
webRTC E 12-12 05:32:04 25147 25208 server.cpp:375] Client closed the connection
webRTC E 12-12 05:32:04 25147 25205 server.cpp:375] Client closed the connection
webRTC E 12-12 05:32:04 25147 25209 server.cpp:375] Client closed the connection
crosvm D 12-12 05:32:04 25148 25148 log_tee.cpp:125] process_restarter V 12-12 05:32:03 25149 25149 main.cc:78] /cf/bin/crosvm exited with exit code: 9
run_cvd I 12-12 05:32:04 25126 25126 process_monitor.cc:52] Detected unexpected exit of monitored subprocess /cf/bin/process_restarter
run_cvd I 12-12 05:32:04 25126 25126 process_monitor.cc:54] Subprocess /cf/bin/process_restarter (25149) has exited with exit code 9
run_cvd E 12-12 05:32:04 25126 25126 process_monitor.cc:138] Stopping all monitored processes due to unexpected exit of critical process
run_cvd D 12-12 05:32:04 25126 25126 subprocess.cpp:333] Started (pid: 25255): /cf/bin/stop_cvd
stop_cvd I 12-12 05:32:05 25255 25255 main.cc:121] Requesting stop
run_cvd D 12-12 05:32:05 25126 25126 process_monitor.cc:150] Stopping monitored subprocesses
crosvm D 12-12 05:32:05 25148 25148 log_tee.cpp:143] Finished reading from process crosvm
run_cvd E 12-12 05:32:08 25126 25126 streamer.cpp:248] Failed to read response from webrtc
modem_simulator I 12-12 05:32:08 25145 25145 main.cpp:144] Exit request from parent process
Exit request from parent process
run_cvd D 12-12 05:32:08 25126 25126 process_monitor.cc:268] Done monitoring subprocesses
run_cvd E 12-12 05:32:08 25115 25115 boot_state_machine.cc:58] Failed to read a complete exit code, read 0 bytes only instead of the expected 4
run_cvd I 12-12 05:32:08 25115 25115 boot_state_machine.cc:71] VIRTUAL_DEVICE_BOOT_FAILED
